#! /c/Source/iverilog-install/bin/vvp
:ivl_version "12.0 (devel)" "(s20150603-1539-g2693dd32b)";
:ivl_delay_selection "TYPICAL";
:vpi_time_precision - 12;
:vpi_module "C:\iverilog\lib\ivl\system.vpi";
:vpi_module "C:\iverilog\lib\ivl\vhdl_sys.vpi";
:vpi_module "C:\iverilog\lib\ivl\vhdl_textio.vpi";
:vpi_module "C:\iverilog\lib\ivl\v2005_math.vpi";
:vpi_module "C:\iverilog\lib\ivl\va_math.vpi";
:vpi_module "C:\iverilog\lib\ivl\v2009.vpi";
S_0000027f667077d0 .scope package, "$unit" "$unit" 2 1;
 .timescale 0 0;
S_0000027f66719e20 .scope module, "tb_framebuffer" "tb_framebuffer" 3 3;
 .timescale -9 -12;
v0000027f66770270_0 .var "clk", 0 0;
v0000027f6676ff50_0 .var "dump_en", 0 0;
v0000027f667706d0_0 .net "read_color", 7 0, v0000027f666e2f10_0;  1 drivers
v0000027f66770090_0 .var "read_en", 0 0;
v0000027f667701d0_0 .var "read_x", 5 0;
v0000027f66770130_0 .var "read_y", 5 0;
v0000027f6676feb0_0 .var "rst", 0 0;
v0000027f6676faf0_0 .var "write_color", 7 0;
v0000027f6676fff0_0 .var "write_en", 0 0;
v0000027f667703b0_0 .var "write_x", 5 0;
v0000027f66770310_0 .var "write_y", 5 0;
S_0000027f66719fb0 .scope module, "dut" "framebuffer" 3 17, 4 1 0, S_0000027f66719e20;
 .timescale 0 0;
    .port_info 0 /INPUT 1 "clk";
    .port_info 1 /INPUT 1 "rst";
    .port_info 2 /INPUT 1 "write_en";
    .port_info 3 /INPUT 6 "write_x";
    .port_info 4 /INPUT 6 "write_y";
    .port_info 5 /INPUT 8 "write_color";
    .port_info 6 /INPUT 1 "read_en";
    .port_info 7 /INPUT 6 "read_x";
    .port_info 8 /INPUT 6 "read_y";
    .port_info 9 /OUTPUT 8 "read_color";
    .port_info 10 /INPUT 1 "dump_en";
v0000027f666e3360_0 .net "clk", 0 0, v0000027f66770270_0;  1 drivers
v0000027f66707960_0 .net "dump_en", 0 0, v0000027f6676ff50_0;  1 drivers
v0000027f6671a140 .array "fb", 4095 0, 7 0;
v0000027f6671a1e0_0 .var/i "i", 31 0;
v0000027f666e2e70_0 .var/i "j", 31 0;
v0000027f666e2f10_0 .var "read_color", 7 0;
v0000027f666e2fb0_0 .net "read_en", 0 0, v0000027f66770090_0;  1 drivers
v0000027f666e3050_0 .net "read_x", 5 0, v0000027f667701d0_0;  1 drivers
v0000027f666e30f0_0 .net "read_y", 5 0, v0000027f66770130_0;  1 drivers
v0000027f6676f460_0 .net "rst", 0 0, v0000027f6676feb0_0;  1 drivers
v0000027f6676f500_0 .net "write_color", 7 0, v0000027f6676faf0_0;  1 drivers
v0000027f6676f5a0_0 .net "write_en", 0 0, v0000027f6676fff0_0;  1 drivers
v0000027f6676f640_0 .net "write_x", 5 0, v0000027f667703b0_0;  1 drivers
v0000027f6676f6e0_0 .net "write_y", 5 0, v0000027f66770310_0;  1 drivers
E_0000027f66708480 .event posedge, v0000027f666e3360_0;
S_0000027f666e2ce0 .scope begin, "dump_block" "dump_block" 4 31, 4 31 0, S_0000027f66719fb0;
 .timescale 0 0;
v0000027f6670df30_0 .var/i "fd", 31 0;
    .scope S_0000027f66719fb0;
T_0 ;
    %wait E_0000027f66708480;
    %load/vec4 v0000027f6676f460_0;
    %flag_set/vec4 8;
    %jmp/0xz  T_0.0, 8;
    %pushi/vec4 0, 0, 32;
    %store/vec4 v0000027f6671a1e0_0, 0, 32;
T_0.2 ;
    %load/vec4 v0000027f6671a1e0_0;
    %cmpi/s 64, 0, 32;
    %jmp/0xz T_0.3, 5;
    %pushi/vec4 0, 0, 32;
    %store/vec4 v0000027f666e2e70_0, 0, 32;
T_0.4 ;
    %load/vec4 v0000027f666e2e70_0;
    %cmpi/s 64, 0, 32;
    %jmp/0xz T_0.5, 5;
    %pushi/vec4 0, 0, 8;
    %load/vec4 v0000027f6671a1e0_0;
    %pad/s 39;
    %pad/s 45;
    %muli 64, 0, 45;
    %pad/s 46;
    %load/vec4 v0000027f666e2e70_0;
    %pad/s 46;
    %add;
    %ix/vec4/s 3;
    %ix/load 4, 0, 0; Constant delay
    %assign/vec4/a/d v0000027f6671a140, 0, 4;
    %load/vec4 v0000027f666e2e70_0;
    %addi 1, 0, 32;
    %store/vec4 v0000027f666e2e70_0, 0, 32;
    %jmp T_0.4;
T_0.5 ;
    %load/vec4 v0000027f6671a1e0_0;
    %addi 1, 0, 32;
    %store/vec4 v0000027f6671a1e0_0, 0, 32;
    %jmp T_0.2;
T_0.3 ;
    %jmp T_0.1;
T_0.0 ;
    %load/vec4 v0000027f6676f5a0_0;
    %flag_set/vec4 8;
    %jmp/0xz  T_0.6, 8;
    %load/vec4 v0000027f6676f500_0;
    %load/vec4 v0000027f6676f6e0_0;
    %pad/u 15;
    %pad/u 21;
    %muli 64, 0, 21;
    %pad/u 22;
    %load/vec4 v0000027f6676f640_0;
    %pad/u 8;
    %pad/u 22;
    %add;
    %ix/vec4 3;
    %ix/load 4, 0, 0; Constant delay
    %assign/vec4/a/d v0000027f6671a140, 0, 4;
T_0.6 ;
    %load/vec4 v0000027f666e2fb0_0;
    %flag_set/vec4 8;
    %jmp/0xz  T_0.8, 8;
    %load/vec4 v0000027f666e30f0_0;
    %pad/u 15;
    %pad/u 21;
    %muli 64, 0, 21;
    %pad/u 22;
    %load/vec4 v0000027f666e3050_0;
    %pad/u 8;
    %pad/u 22;
    %add;
    %ix/vec4 4;
    %load/vec4a v0000027f6671a140, 4;
    %assign/vec4 v0000027f666e2f10_0, 0;
T_0.8 ;
    %load/vec4 v0000027f66707960_0;
    %flag_set/vec4 8;
    %jmp/0xz  T_0.10, 8;
    %fork t_1, S_0000027f666e2ce0;
    %jmp t_0;
    .scope S_0000027f666e2ce0;
t_1 ;
    %vpi_func 4 33 "$fopen" 32, "framebuffer_dump.hex", "w" {0 0 0};
    %store/vec4 v0000027f6670df30_0, 0, 32;
    %pushi/vec4 0, 0, 32;
    %store/vec4 v0000027f6671a1e0_0, 0, 32;
T_0.12 ;
    %load/vec4 v0000027f6671a1e0_0;
    %cmpi/s 64, 0, 32;
    %jmp/0xz T_0.13, 5;
    %pushi/vec4 0, 0, 32;
    %store/vec4 v0000027f666e2e70_0, 0, 32;
T_0.14 ;
    %load/vec4 v0000027f666e2e70_0;
    %cmpi/s 64, 0, 32;
    %jmp/0xz T_0.15, 5;
    %load/vec4 v0000027f6671a1e0_0;
    %pad/s 39;
    %pad/s 45;
    %muli 64, 0, 45;
    %pad/s 46;
    %load/vec4 v0000027f666e2e70_0;
    %pad/s 46;
    %add;
    %ix/vec4/s 4;
    %load/vec4a v0000027f6671a140, 4;
    %vpi_call/w 4 36 "$fwrite", v0000027f6670df30_0, "%02h\012", S<0,vec4,u8> {1 0 0};
    %load/vec4 v0000027f666e2e70_0;
    %addi 1, 0, 32;
    %store/vec4 v0000027f666e2e70_0, 0, 32;
    %jmp T_0.14;
T_0.15 ;
    %load/vec4 v0000027f6671a1e0_0;
    %addi 1, 0, 32;
    %store/vec4 v0000027f6671a1e0_0, 0, 32;
    %jmp T_0.12;
T_0.13 ;
    %vpi_call/w 4 37 "$fclose", v0000027f6670df30_0 {0 0 0};
    %end;
    .scope S_0000027f66719fb0;
t_0 %join;
T_0.10 ;
T_0.1 ;
    %jmp T_0;
    .thread T_0;
    .scope S_0000027f66719e20;
T_1 ;
    %delay 5000, 0;
    %load/vec4 v0000027f66770270_0;
    %inv;
    %store/vec4 v0000027f66770270_0, 0, 1;
    %jmp T_1;
    .thread T_1;
    .scope S_0000027f66719e20;
T_2 ;
    %pushi/vec4 0, 0, 1;
    %store/vec4 v0000027f66770270_0, 0, 1;
    %pushi/vec4 1, 0, 1;
    %store/vec4 v0000027f6676feb0_0, 0, 1;
    %pushi/vec4 0, 0, 1;
    %store/vec4 v0000027f6676fff0_0, 0, 1;
    %pushi/vec4 0, 0, 1;
    %store/vec4 v0000027f66770090_0, 0, 1;
    %pushi/vec4 0, 0, 1;
    %store/vec4 v0000027f6676ff50_0, 0, 1;
    %pushi/vec4 2, 0, 32;
T_2.0 %dup/vec4;
    %pushi/vec4 0, 0, 32;
    %cmp/s;
    %jmp/1xz T_2.1, 5;
    %jmp/1 T_2.1, 4;
    %pushi/vec4 1, 0, 32;
    %sub;
    %wait E_0000027f66708480;
    %jmp T_2.0;
T_2.1 ;
    %pop/vec4 1;
    %pushi/vec4 0, 0, 1;
    %store/vec4 v0000027f6676feb0_0, 0, 1;
    %wait E_0000027f66708480;
    %pushi/vec4 1, 0, 1;
    %store/vec4 v0000027f6676fff0_0, 0, 1;
    %pushi/vec4 5, 0, 6;
    %store/vec4 v0000027f667703b0_0, 0, 6;
    %pushi/vec4 6, 0, 6;
    %store/vec4 v0000027f66770310_0, 0, 6;
    %pushi/vec4 170, 0, 8;
    %store/vec4 v0000027f6676faf0_0, 0, 8;
    %wait E_0000027f66708480;
    %pushi/vec4 0, 0, 1;
    %store/vec4 v0000027f6676fff0_0, 0, 1;
    %wait E_0000027f66708480;
    %pushi/vec4 1, 0, 1;
    %store/vec4 v0000027f66770090_0, 0, 1;
    %pushi/vec4 5, 0, 6;
    %store/vec4 v0000027f667701d0_0, 0, 6;
    %pushi/vec4 6, 0, 6;
    %store/vec4 v0000027f66770130_0, 0, 6;
    %wait E_0000027f66708480;
    %pushi/vec4 0, 0, 1;
    %store/vec4 v0000027f66770090_0, 0, 1;
    %wait E_0000027f66708480;
    %load/vec4 v0000027f667706d0_0;
    %cmpi/e 170, 0, 8;
    %jmp/0xz  T_2.2, 4;
    %vpi_call/w 3 61 "$display", "PASS" {0 0 0};
    %jmp T_2.3;
T_2.2 ;
    %vpi_call/w 3 63 "$display", "FAIL" {0 0 0};
T_2.3 ;
    %wait E_0000027f66708480;
    %pushi/vec4 1, 0, 1;
    %store/vec4 v0000027f6676ff50_0, 0, 1;
    %wait E_0000027f66708480;
    %pushi/vec4 0, 0, 1;
    %store/vec4 v0000027f6676ff50_0, 0, 1;
    %vpi_call/w 3 69 "$finish" {0 0 0};
    %end;
    .thread T_2;
# The file index is used to find the file name in the following table.
:file_names 5;
    "N/A";
    "<interactive>";
    "-";
    "tb_framebuffer.v";
    "framebuffer.v";
