#! /c/Source/iverilog-install/bin/vvp
:ivl_version "12.0 (devel)" "(s20150603-1539-g2693dd32b)";
:ivl_delay_selection "TYPICAL";
:vpi_time_precision - 12;
:vpi_module "C:\iverilog\lib\ivl\system.vpi";
:vpi_module "C:\iverilog\lib\ivl\vhdl_sys.vpi";
:vpi_module "C:\iverilog\lib\ivl\vhdl_textio.vpi";
:vpi_module "C:\iverilog\lib\ivl\v2005_math.vpi";
:vpi_module "C:\iverilog\lib\ivl\va_math.vpi";
:vpi_module "C:\iverilog\lib\ivl\v2009.vpi";
S_000002300a2bfdc0 .scope package, "$unit" "$unit" 2 1;
 .timescale 0 0;
S_000002300a253220 .scope module, "gpu_top_tb" "gpu_top_tb" 3 3;
 .timescale -9 -12;
v000002300a327210_0 .var "clk", 0 0;
v000002300a327170_0 .var "dump_en", 0 0;
v000002300a327df0_0 .var "raster_start", 0 0;
v000002300a327850_0 .var "rst", 0 0;
v000002300a3289d0_0 .var "tri_color", 7 0;
v000002300a327490_0 .var "tri_depth", 15 0;
v000002300a327e90_0 .var "v0x", 15 0;
v000002300a328f70_0 .var "v0y", 15 0;
v000002300a3287f0_0 .var "v1x", 15 0;
v000002300a327350_0 .var "v1y", 15 0;
v000002300a328430_0 .var "v2x", 15 0;
v000002300a3284d0_0 .var "v2y", 15 0;
S_000002300a2533b0 .scope module, "dut" "gpu_top" 3 17, 4 1 0, S_000002300a253220;
 .timescale 0 0;
    .port_info 0 /INPUT 1 "clk";
    .port_info 1 /INPUT 1 "rst";
    .port_info 2 /INPUT 16 "v0x";
    .port_info 3 /INPUT 16 "v0y";
    .port_info 4 /INPUT 16 "v1x";
    .port_info 5 /INPUT 16 "v1y";
    .port_info 6 /INPUT 16 "v2x";
    .port_info 7 /INPUT 16 "v2y";
    .port_info 8 /INPUT 8 "tri_color";
    .port_info 9 /INPUT 16 "tri_depth";
    .port_info 10 /INPUT 1 "raster_start";
    .port_info 11 /INPUT 1 "dump_en";
L_000002300a32dbc8 .functor BUFT 1, C4<0000000000>, C4<0>, C4<0>, C4<0>;
v000002300a325520_0 .net/2u *"_ivl_0", 9 0, L_000002300a32dbc8;  1 drivers
L_000002300a32dc10 .functor BUFT 1, C4<000>, C4<0>, C4<0>, C4<0>;
v000002300a3255c0_0 .net/2u *"_ivl_2", 2 0, L_000002300a32dc10;  1 drivers
L_000002300a32dc58 .functor BUFT 1, C4<0000000000>, C4<0>, C4<0>, C4<0>;
v000002300a325f20_0 .net/2u *"_ivl_6", 9 0, L_000002300a32dc58;  1 drivers
L_000002300a32dca0 .functor BUFT 1, C4<000>, C4<0>, C4<0>, C4<0>;
v000002300a326060_0 .net/2u *"_ivl_8", 2 0, L_000002300a32dca0;  1 drivers
v000002300a325fc0_0 .net "clk", 0 0, v000002300a327210_0;  1 drivers
v000002300a325660_0 .net "dump_en", 0 0, v000002300a327170_0;  1 drivers
v000002300a325a20_0 .net "fb_write_color", 7 0, v000002300a31ec00_0;  1 drivers
v000002300a325700_0 .net "fb_write_en", 0 0, v000002300a31e840_0;  1 drivers
v000002300a3257a0_0 .net "fb_write_x", 5 0, v000002300a31e3e0_0;  1 drivers
v000002300a325840_0 .net "fb_write_y", 5 0, v000002300a31e480_0;  1 drivers
v000002300a325ac0_0 .net "no_overlap", 0 0, L_000002300a2a6710;  1 drivers
v000002300a325b60_0 .net "pixel_color", 7 0, L_000002300a2a5e50;  1 drivers
v000002300a3278f0_0 .net "pixel_valid", 0 0, L_000002300a2a6a90;  1 drivers
v000002300a327990_0 .net "pixel_x", 15 0, L_000002300a2a6780;  1 drivers
v000002300a328250_0 .net "pixel_y", 15 0, L_000002300a2a5de0;  1 drivers
v000002300a327530_0 .net "raster_done", 0 0, L_000002300a38d010;  1 drivers
v000002300a3275d0_0 .net "raster_start", 0 0, v000002300a327df0_0;  1 drivers
v000002300a328a70_0 .net "rst", 0 0, v000002300a327850_0;  1 drivers
v000002300a327b70_0 .net "tile_valid", 0 0, L_000002300a3293a0;  1 drivers
v000002300a327f30_0 .net "tile_x_max", 2 0, L_000002300a329e40;  1 drivers
v000002300a328cf0_0 .net "tile_x_min", 2 0, L_000002300a32bb00;  1 drivers
v000002300a328070_0 .net "tile_y_max", 2 0, L_000002300a32a020;  1 drivers
v000002300a328570_0 .net "tile_y_min", 2 0, L_000002300a329ee0;  1 drivers
v000002300a328bb0_0 .net "tri_color", 7 0, v000002300a3289d0_0;  1 drivers
v000002300a3282f0_0 .net "tri_depth", 15 0, v000002300a327490_0;  1 drivers
v000002300a328e30_0 .net "v0x", 15 0, v000002300a327e90_0;  1 drivers
v000002300a327d50_0 .net "v0y", 15 0, v000002300a328f70_0;  1 drivers
v000002300a327cb0_0 .net "v1x", 15 0, v000002300a3287f0_0;  1 drivers
v000002300a3277b0_0 .net "v1y", 15 0, v000002300a327350_0;  1 drivers
v000002300a328b10_0 .net "v2x", 15 0, v000002300a328430_0;  1 drivers
v000002300a328110_0 .net "v2y", 15 0, v000002300a3284d0_0;  1 drivers
v000002300a328c50_0 .net "zbuf_depth_in", 15 0, v000002300a31e660_0;  1 drivers
v000002300a328d90_0 .net "zbuf_depth_out", 15 0, v000002300a327000_0;  1 drivers
v000002300a328ed0_0 .net "zbuf_read_en", 0 0, v000002300a31e7a0_0;  1 drivers
v000002300a327fd0_0 .net "zbuf_read_x", 5 0, v000002300a31e8e0_0;  1 drivers
v000002300a327c10_0 .net "zbuf_read_y", 5 0, v000002300a31e980_0;  1 drivers
v000002300a328610_0 .net "zbuf_write_en", 0 0, v000002300a31ea20_0;  1 drivers
v000002300a3281b0_0 .net "zbuf_write_x", 5 0, v000002300a31d6c0_0;  1 drivers
v000002300a328390_0 .net "zbuf_write_y", 5 0, v000002300a31d9e0_0;  1 drivers
L_000002300a38b530 .concat [ 3 3 10 0], L_000002300a32dc10, L_000002300a32bb00, L_000002300a32dbc8;
L_000002300a38b850 .concat [ 3 3 10 0], L_000002300a32dca0, L_000002300a329ee0, L_000002300a32dc58;
L_000002300a38b990 .part L_000002300a2a6780, 0, 6;
L_000002300a38bad0 .part L_000002300a2a5de0, 0, 6;
S_000002300a23d9b0 .scope module, "binner" "tile_binner" 4 23, 5 2 0, S_000002300a2533b0;
 .timescale 0 0;
    .port_info 0 /INPUT 16 "V0x";
    .port_info 1 /INPUT 16 "V0y";
    .port_info 2 /INPUT 16 "V1x";
    .port_info 3 /INPUT 16 "V1y";
    .port_info 4 /INPUT 16 "V2x";
    .port_info 5 /INPUT 16 "V2y";
    .port_info 6 /OUTPUT 3 "tile_x_min";
    .port_info 7 /OUTPUT 3 "tile_x_max";
    .port_info 8 /OUTPUT 3 "tile_y_min";
    .port_info 9 /OUTPUT 3 "tile_y_max";
    .port_info 10 /OUTPUT 1 "valid_out";
    .port_info 11 /OUTPUT 1 "no_overlap";
P_000002300a253540 .param/l "COORD_BITS" 0 5 3, +C4<00000000000000000000000000010000>;
P_000002300a253578 .param/l "SCREEN_H" 0 5 5, +C4<00000000000000000000000001000000>;
P_000002300a2535b0 .param/l "SCREEN_W" 0 5 4, +C4<00000000000000000000000001000000>;
P_000002300a2535e8 .param/l "TILE_BITS" 0 5 8, +C4<00000000000000000000000000000011>;
P_000002300a253620 .param/l "TILE_SHIFT" 0 5 7, +C4<00000000000000000000000000000011>;
P_000002300a253658 .param/l "TILE_SIZE" 0 5 6, +C4<00000000000000000000000000001000>;
L_000002300a2a66a0 .functor OR 1, L_000002300a32b740, L_000002300a32a5c0, C4<0>, C4<0>;
L_000002300a2a5f30 .functor OR 1, L_000002300a2a66a0, L_000002300a329b20, C4<0>, C4<0>;
L_000002300a2a65c0 .functor OR 1, L_000002300a2a5f30, L_000002300a329c60, C4<0>, C4<0>;
L_000002300a2a6710 .functor BUFZ 1, L_000002300a2a65c0, C4<0>, C4<0>, C4<0>;
v000002300a296e70_0 .net/s "V0x", 15 0, v000002300a327e90_0;  alias, 1 drivers
v000002300a2974b0_0 .net/s "V0y", 15 0, v000002300a328f70_0;  alias, 1 drivers
v000002300a297ff0_0 .net/s "V1x", 15 0, v000002300a3287f0_0;  alias, 1 drivers
v000002300a298310_0 .net/s "V1y", 15 0, v000002300a327350_0;  alias, 1 drivers
v000002300a319100_0 .net/s "V2x", 15 0, v000002300a328430_0;  alias, 1 drivers
v000002300a31afa0_0 .net/s "V2y", 15 0, v000002300a3284d0_0;  alias, 1 drivers
v000002300a31a8c0_0 .net *"_ivl_0", 0 0, L_000002300a327670;  1 drivers
v000002300a31a0a0_0 .net *"_ivl_100", 0 0, L_000002300a32a3e0;  1 drivers
L_000002300a32d5e0 .functor BUFT 1, C4<00000000000000000000000000000000>, C4<0>, C4<0>, C4<0>;
v000002300a3197e0_0 .net/2s *"_ivl_102", 31 0, L_000002300a32d5e0;  1 drivers
v000002300a319ba0_0 .net/s *"_ivl_104", 31 0, L_000002300a329800;  1 drivers
L_000002300a32d628 .functor BUFT 1, C4<00000000000000000000000000111111>, C4<0>, C4<0>, C4<0>;
v000002300a31a960_0 .net/2s *"_ivl_106", 31 0, L_000002300a32d628;  1 drivers
v000002300a31a140_0 .net *"_ivl_108", 0 0, L_000002300a32aca0;  1 drivers
L_000002300a32d670 .functor BUFT 1, C4<00000000000000000000000000111111>, C4<0>, C4<0>, C4<0>;
v000002300a31a820_0 .net/2s *"_ivl_110", 31 0, L_000002300a32d670;  1 drivers
v000002300a3191a0_0 .net/s *"_ivl_112", 31 0, L_000002300a32a700;  1 drivers
v000002300a319e20_0 .net *"_ivl_114", 31 0, L_000002300a32b6a0;  1 drivers
v000002300a31ab40_0 .net *"_ivl_116", 31 0, L_000002300a32a7a0;  1 drivers
v000002300a31aaa0_0 .net *"_ivl_12", 0 0, L_000002300a327a30;  1 drivers
v000002300a319240_0 .net/s *"_ivl_120", 31 0, L_000002300a32afc0;  1 drivers
L_000002300a32d6b8 .functor BUFT 1, C4<00000000000000000000000000000000>, C4<0>, C4<0>, C4<0>;
v000002300a31aa00_0 .net/2s *"_ivl_122", 31 0, L_000002300a32d6b8;  1 drivers
v000002300a31af00_0 .net *"_ivl_124", 0 0, L_000002300a32b240;  1 drivers
L_000002300a32d700 .functor BUFT 1, C4<00000000000000000000000000000000>, C4<0>, C4<0>, C4<0>;
v000002300a31ae60_0 .net/2s *"_ivl_126", 31 0, L_000002300a32d700;  1 drivers
v000002300a31a780_0 .net/s *"_ivl_128", 31 0, L_000002300a32b2e0;  1 drivers
L_000002300a32d748 .functor BUFT 1, C4<00000000000000000000000000111111>, C4<0>, C4<0>, C4<0>;
v000002300a319c40_0 .net/2s *"_ivl_130", 31 0, L_000002300a32d748;  1 drivers
v000002300a31a1e0_0 .net *"_ivl_132", 0 0, L_000002300a329bc0;  1 drivers
L_000002300a32d790 .functor BUFT 1, C4<00000000000000000000000000111111>, C4<0>, C4<0>, C4<0>;
v000002300a31abe0_0 .net/2s *"_ivl_134", 31 0, L_000002300a32d790;  1 drivers
v000002300a319a60_0 .net/s *"_ivl_136", 31 0, L_000002300a32b420;  1 drivers
v000002300a3192e0_0 .net *"_ivl_138", 31 0, L_000002300a32a340;  1 drivers
v000002300a31a320_0 .net *"_ivl_14", 0 0, L_000002300a328750;  1 drivers
v000002300a319380_0 .net *"_ivl_140", 31 0, L_000002300a32a480;  1 drivers
v000002300a31ac80_0 .net/s *"_ivl_144", 31 0, L_000002300a329440;  1 drivers
L_000002300a32d7d8 .functor BUFT 1, C4<00000000000000000000000001000000>, C4<0>, C4<0>, C4<0>;
v000002300a319420_0 .net/2s *"_ivl_146", 31 0, L_000002300a32d7d8;  1 drivers
v000002300a31a6e0_0 .net *"_ivl_148", 0 0, L_000002300a32b740;  1 drivers
v000002300a3194c0_0 .net/s *"_ivl_150", 31 0, L_000002300a32b880;  1 drivers
L_000002300a32d820 .functor BUFT 1, C4<00000000000000000000000001000000>, C4<0>, C4<0>, C4<0>;
v000002300a31ad20_0 .net/2s *"_ivl_152", 31 0, L_000002300a32d820;  1 drivers
v000002300a319ce0_0 .net *"_ivl_154", 0 0, L_000002300a32a5c0;  1 drivers
v000002300a31adc0_0 .net *"_ivl_157", 0 0, L_000002300a2a66a0;  1 drivers
v000002300a319560_0 .net/s *"_ivl_158", 31 0, L_000002300a32a840;  1 drivers
v000002300a319600_0 .net *"_ivl_16", 15 0, L_000002300a3273f0;  1 drivers
L_000002300a32d868 .functor BUFT 1, C4<00000000000000000000000000000000>, C4<0>, C4<0>, C4<0>;
v000002300a3196a0_0 .net/2s *"_ivl_160", 31 0, L_000002300a32d868;  1 drivers
v000002300a319880_0 .net *"_ivl_162", 0 0, L_000002300a329b20;  1 drivers
v000002300a319740_0 .net *"_ivl_165", 0 0, L_000002300a2a5f30;  1 drivers
v000002300a319920_0 .net/s *"_ivl_166", 31 0, L_000002300a329a80;  1 drivers
L_000002300a32d8b0 .functor BUFT 1, C4<00000000000000000000000000000000>, C4<0>, C4<0>, C4<0>;
v000002300a3199c0_0 .net/2s *"_ivl_168", 31 0, L_000002300a32d8b0;  1 drivers
v000002300a319b00_0 .net *"_ivl_170", 0 0, L_000002300a329c60;  1 drivers
v000002300a319d80_0 .net *"_ivl_175", 12 0, L_000002300a32b920;  1 drivers
v000002300a319ec0_0 .net *"_ivl_179", 12 0, L_000002300a329760;  1 drivers
v000002300a319f60_0 .net *"_ivl_18", 0 0, L_000002300a327710;  1 drivers
v000002300a31a000_0 .net *"_ivl_183", 12 0, L_000002300a32a660;  1 drivers
v000002300a31a280_0 .net *"_ivl_187", 12 0, L_000002300a32a8e0;  1 drivers
v000002300a31a3c0_0 .net *"_ivl_2", 0 0, L_000002300a3286b0;  1 drivers
v000002300a31a460_0 .net *"_ivl_20", 15 0, L_000002300a327ad0;  1 drivers
v000002300a31a500_0 .net *"_ivl_24", 0 0, L_000002300a32a520;  1 drivers
v000002300a31a5a0_0 .net *"_ivl_26", 0 0, L_000002300a329d00;  1 drivers
v000002300a31a640_0 .net *"_ivl_28", 15 0, L_000002300a32a980;  1 drivers
v000002300a31cfb0_0 .net *"_ivl_30", 0 0, L_000002300a329940;  1 drivers
v000002300a31b570_0 .net *"_ivl_32", 15 0, L_000002300a32b100;  1 drivers
v000002300a31c5b0_0 .net *"_ivl_36", 0 0, L_000002300a32ad40;  1 drivers
v000002300a31b610_0 .net *"_ivl_38", 0 0, L_000002300a32b560;  1 drivers
v000002300a31cbf0_0 .net *"_ivl_4", 15 0, L_000002300a329010;  1 drivers
v000002300a31bd90_0 .net *"_ivl_40", 15 0, L_000002300a3298a0;  1 drivers
v000002300a31cb50_0 .net *"_ivl_42", 0 0, L_000002300a329620;  1 drivers
v000002300a31c330_0 .net *"_ivl_44", 15 0, L_000002300a32b7e0;  1 drivers
v000002300a31c0b0_0 .net/s *"_ivl_48", 31 0, L_000002300a32b380;  1 drivers
L_000002300a32d358 .functor BUFT 1, C4<00000000000000000000000000000000>, C4<0>, C4<0>, C4<0>;
v000002300a31bbb0_0 .net/2s *"_ivl_50", 31 0, L_000002300a32d358;  1 drivers
v000002300a31ca10_0 .net *"_ivl_52", 0 0, L_000002300a32a200;  1 drivers
L_000002300a32d3a0 .functor BUFT 1, C4<00000000000000000000000000000000>, C4<0>, C4<0>, C4<0>;
v000002300a31b6b0_0 .net/2s *"_ivl_54", 31 0, L_000002300a32d3a0;  1 drivers
v000002300a31cf10_0 .net/s *"_ivl_56", 31 0, L_000002300a32a0c0;  1 drivers
L_000002300a32d3e8 .functor BUFT 1, C4<00000000000000000000000000111111>, C4<0>, C4<0>, C4<0>;
v000002300a31c1f0_0 .net/2s *"_ivl_58", 31 0, L_000002300a32d3e8;  1 drivers
v000002300a31b4d0_0 .net *"_ivl_6", 0 0, L_000002300a328930;  1 drivers
v000002300a31b750_0 .net *"_ivl_60", 0 0, L_000002300a329580;  1 drivers
L_000002300a32d430 .functor BUFT 1, C4<00000000000000000000000000111111>, C4<0>, C4<0>, C4<0>;
v000002300a31bb10_0 .net/2s *"_ivl_62", 31 0, L_000002300a32d430;  1 drivers
v000002300a31c3d0_0 .net/s *"_ivl_64", 31 0, L_000002300a32ba60;  1 drivers
v000002300a31cc90_0 .net *"_ivl_66", 31 0, L_000002300a32ade0;  1 drivers
v000002300a31c150_0 .net *"_ivl_68", 31 0, L_000002300a32b1a0;  1 drivers
v000002300a31b7f0_0 .net/s *"_ivl_72", 31 0, L_000002300a329da0;  1 drivers
L_000002300a32d478 .functor BUFT 1, C4<00000000000000000000000000000000>, C4<0>, C4<0>, C4<0>;
v000002300a31be30_0 .net/2s *"_ivl_74", 31 0, L_000002300a32d478;  1 drivers
v000002300a31c470_0 .net *"_ivl_76", 0 0, L_000002300a3299e0;  1 drivers
L_000002300a32d4c0 .functor BUFT 1, C4<00000000000000000000000000000000>, C4<0>, C4<0>, C4<0>;
v000002300a31cd30_0 .net/2s *"_ivl_78", 31 0, L_000002300a32d4c0;  1 drivers
v000002300a31b890_0 .net *"_ivl_8", 15 0, L_000002300a3272b0;  1 drivers
v000002300a31c650_0 .net/s *"_ivl_80", 31 0, L_000002300a3296c0;  1 drivers
L_000002300a32d508 .functor BUFT 1, C4<00000000000000000000000000111111>, C4<0>, C4<0>, C4<0>;
v000002300a31c290_0 .net/2s *"_ivl_82", 31 0, L_000002300a32d508;  1 drivers
v000002300a31b430_0 .net *"_ivl_84", 0 0, L_000002300a32a2a0;  1 drivers
L_000002300a32d550 .functor BUFT 1, C4<00000000000000000000000000111111>, C4<0>, C4<0>, C4<0>;
v000002300a31c510_0 .net/2s *"_ivl_86", 31 0, L_000002300a32d550;  1 drivers
v000002300a31cab0_0 .net/s *"_ivl_88", 31 0, L_000002300a32ae80;  1 drivers
v000002300a31c6f0_0 .net *"_ivl_90", 31 0, L_000002300a32b600;  1 drivers
v000002300a31bed0_0 .net *"_ivl_92", 31 0, L_000002300a32ac00;  1 drivers
v000002300a31cdd0_0 .net/s *"_ivl_96", 31 0, L_000002300a32b9c0;  1 drivers
L_000002300a32d598 .functor BUFT 1, C4<00000000000000000000000000000000>, C4<0>, C4<0>, C4<0>;
v000002300a31bf70_0 .net/2s *"_ivl_98", 31 0, L_000002300a32d598;  1 drivers
v000002300a31c790_0 .net/s "clamped_x_max", 15 0, L_000002300a329f80;  1 drivers
v000002300a31c8d0_0 .net/s "clamped_x_min", 15 0, L_000002300a3294e0;  1 drivers
v000002300a31c830_0 .net/s "clamped_y_max", 15 0, L_000002300a32b4c0;  1 drivers
v000002300a31b930_0 .net/s "clamped_y_min", 15 0, L_000002300a32af20;  1 drivers
v000002300a31b110_0 .net/s "max_x", 15 0, L_000002300a32ab60;  1 drivers
v000002300a31c970_0 .net/s "max_y", 15 0, L_000002300a32a160;  1 drivers
v000002300a31ce70_0 .net/s "min_x", 15 0, L_000002300a328890;  1 drivers
v000002300a31b1b0_0 .net/s "min_y", 15 0, L_000002300a32b060;  1 drivers
v000002300a31b250_0 .net "no_overlap", 0 0, L_000002300a2a6710;  alias, 1 drivers
v000002300a31b2f0_0 .net "off_screen", 0 0, L_000002300a2a65c0;  1 drivers
v000002300a31b390_0 .net "tile_x_max", 2 0, L_000002300a329e40;  alias, 1 drivers
v000002300a31b9d0_0 .net "tile_x_min", 2 0, L_000002300a32bb00;  alias, 1 drivers
v000002300a31ba70_0 .net "tile_y_max", 2 0, L_000002300a32a020;  alias, 1 drivers
v000002300a31bc50_0 .net "tile_y_min", 2 0, L_000002300a329ee0;  alias, 1 drivers
v000002300a31bcf0_0 .net "valid_out", 0 0, L_000002300a3293a0;  alias, 1 drivers
L_000002300a327670 .cmp/gt.s 16, v000002300a3287f0_0, v000002300a327e90_0;
L_000002300a3286b0 .cmp/gt.s 16, v000002300a328430_0, v000002300a327e90_0;
L_000002300a329010 .functor MUXZ 16, v000002300a328430_0, v000002300a327e90_0, L_000002300a3286b0, C4<>;
L_000002300a328930 .cmp/gt.s 16, v000002300a328430_0, v000002300a3287f0_0;
L_000002300a3272b0 .functor MUXZ 16, v000002300a328430_0, v000002300a3287f0_0, L_000002300a328930, C4<>;
L_000002300a328890 .functor MUXZ 16, L_000002300a3272b0, L_000002300a329010, L_000002300a327670, C4<>;
L_000002300a327a30 .cmp/gt.s 16, v000002300a327350_0, v000002300a328f70_0;
L_000002300a328750 .cmp/gt.s 16, v000002300a3284d0_0, v000002300a328f70_0;
L_000002300a3273f0 .functor MUXZ 16, v000002300a3284d0_0, v000002300a328f70_0, L_000002300a328750, C4<>;
L_000002300a327710 .cmp/gt.s 16, v000002300a3284d0_0, v000002300a327350_0;
L_000002300a327ad0 .functor MUXZ 16, v000002300a3284d0_0, v000002300a327350_0, L_000002300a327710, C4<>;
L_000002300a32b060 .functor MUXZ 16, L_000002300a327ad0, L_000002300a3273f0, L_000002300a327a30, C4<>;
L_000002300a32a520 .cmp/gt.s 16, v000002300a327e90_0, v000002300a3287f0_0;
L_000002300a329d00 .cmp/gt.s 16, v000002300a327e90_0, v000002300a328430_0;
L_000002300a32a980 .functor MUXZ 16, v000002300a328430_0, v000002300a327e90_0, L_000002300a329d00, C4<>;
L_000002300a329940 .cmp/gt.s 16, v000002300a3287f0_0, v000002300a328430_0;
L_000002300a32b100 .functor MUXZ 16, v000002300a328430_0, v000002300a3287f0_0, L_000002300a329940, C4<>;
L_000002300a32ab60 .functor MUXZ 16, L_000002300a32b100, L_000002300a32a980, L_000002300a32a520, C4<>;
L_000002300a32ad40 .cmp/gt.s 16, v000002300a328f70_0, v000002300a327350_0;
L_000002300a32b560 .cmp/gt.s 16, v000002300a328f70_0, v000002300a3284d0_0;
L_000002300a3298a0 .functor MUXZ 16, v000002300a3284d0_0, v000002300a328f70_0, L_000002300a32b560, C4<>;
L_000002300a329620 .cmp/gt.s 16, v000002300a327350_0, v000002300a3284d0_0;
L_000002300a32b7e0 .functor MUXZ 16, v000002300a3284d0_0, v000002300a327350_0, L_000002300a329620, C4<>;
L_000002300a32a160 .functor MUXZ 16, L_000002300a32b7e0, L_000002300a3298a0, L_000002300a32ad40, C4<>;
L_000002300a32b380 .extend/s 32, L_000002300a328890;
L_000002300a32a200 .cmp/gt.s 32, L_000002300a32d358, L_000002300a32b380;
L_000002300a32a0c0 .extend/s 32, L_000002300a328890;
L_000002300a329580 .cmp/gt.s 32, L_000002300a32a0c0, L_000002300a32d3e8;
L_000002300a32ba60 .extend/s 32, L_000002300a328890;
L_000002300a32ade0 .functor MUXZ 32, L_000002300a32ba60, L_000002300a32d430, L_000002300a329580, C4<>;
L_000002300a32b1a0 .functor MUXZ 32, L_000002300a32ade0, L_000002300a32d3a0, L_000002300a32a200, C4<>;
L_000002300a3294e0 .part L_000002300a32b1a0, 0, 16;
L_000002300a329da0 .extend/s 32, L_000002300a32b060;
L_000002300a3299e0 .cmp/gt.s 32, L_000002300a32d478, L_000002300a329da0;
L_000002300a3296c0 .extend/s 32, L_000002300a32b060;
L_000002300a32a2a0 .cmp/gt.s 32, L_000002300a3296c0, L_000002300a32d508;
L_000002300a32ae80 .extend/s 32, L_000002300a32b060;
L_000002300a32b600 .functor MUXZ 32, L_000002300a32ae80, L_000002300a32d550, L_000002300a32a2a0, C4<>;
L_000002300a32ac00 .functor MUXZ 32, L_000002300a32b600, L_000002300a32d4c0, L_000002300a3299e0, C4<>;
L_000002300a32af20 .part L_000002300a32ac00, 0, 16;
L_000002300a32b9c0 .extend/s 32, L_000002300a32ab60;
L_000002300a32a3e0 .cmp/gt.s 32, L_000002300a32d598, L_000002300a32b9c0;
L_000002300a329800 .extend/s 32, L_000002300a32ab60;
L_000002300a32aca0 .cmp/gt.s 32, L_000002300a329800, L_000002300a32d628;
L_000002300a32a700 .extend/s 32, L_000002300a32ab60;
L_000002300a32b6a0 .functor MUXZ 32, L_000002300a32a700, L_000002300a32d670, L_000002300a32aca0, C4<>;
L_000002300a32a7a0 .functor MUXZ 32, L_000002300a32b6a0, L_000002300a32d5e0, L_000002300a32a3e0, C4<>;
L_000002300a329f80 .part L_000002300a32a7a0, 0, 16;
L_000002300a32afc0 .extend/s 32, L_000002300a32a160;
L_000002300a32b240 .cmp/gt.s 32, L_000002300a32d6b8, L_000002300a32afc0;
L_000002300a32b2e0 .extend/s 32, L_000002300a32a160;
L_000002300a329bc0 .cmp/gt.s 32, L_000002300a32b2e0, L_000002300a32d748;
L_000002300a32b420 .extend/s 32, L_000002300a32a160;
L_000002300a32a340 .functor MUXZ 32, L_000002300a32b420, L_000002300a32d790, L_000002300a329bc0, C4<>;
L_000002300a32a480 .functor MUXZ 32, L_000002300a32a340, L_000002300a32d700, L_000002300a32b240, C4<>;
L_000002300a32b4c0 .part L_000002300a32a480, 0, 16;
L_000002300a329440 .extend/s 32, L_000002300a328890;
L_000002300a32b740 .cmp/ge.s 32, L_000002300a329440, L_000002300a32d7d8;
L_000002300a32b880 .extend/s 32, L_000002300a32b060;
L_000002300a32a5c0 .cmp/ge.s 32, L_000002300a32b880, L_000002300a32d820;
L_000002300a32a840 .extend/s 32, L_000002300a32ab60;
L_000002300a329b20 .cmp/gt.s 32, L_000002300a32d868, L_000002300a32a840;
L_000002300a329a80 .extend/s 32, L_000002300a32a160;
L_000002300a329c60 .cmp/gt.s 32, L_000002300a32d8b0, L_000002300a329a80;
L_000002300a32b920 .part L_000002300a3294e0, 3, 13;
L_000002300a32bb00 .part L_000002300a32b920, 0, 3;
L_000002300a329760 .part L_000002300a329f80, 3, 13;
L_000002300a329e40 .part L_000002300a329760, 0, 3;
L_000002300a32a660 .part L_000002300a32af20, 3, 13;
L_000002300a329ee0 .part L_000002300a32a660, 0, 3;
L_000002300a32a8e0 .part L_000002300a32b4c0, 3, 13;
L_000002300a32a020 .part L_000002300a32a8e0, 0, 3;
L_000002300a3293a0 .reduce/nor L_000002300a2a65c0;
S_000002300a23db40 .scope module, "fb" "framebuffer" 4 113, 6 1 0, S_000002300a2533b0;
 .timescale 0 0;
    .port_info 0 /INPUT 1 "clk";
    .port_info 1 /INPUT 1 "rst";
    .port_info 2 /INPUT 1 "write_en";
    .port_info 3 /INPUT 6 "write_x";
    .port_info 4 /INPUT 6 "write_y";
    .port_info 5 /INPUT 8 "write_color";
    .port_info 6 /INPUT 1 "read_en";
    .port_info 7 /INPUT 6 "read_x";
    .port_info 8 /INPUT 6 "read_y";
    .port_info 9 /OUTPUT 8 "read_color";
    .port_info 10 /INPUT 1 "dump_en";
v000002300a31e5c0_0 .net "clk", 0 0, v000002300a327210_0;  alias, 1 drivers
v000002300a31eac0_0 .net "dump_en", 0 0, v000002300a327170_0;  alias, 1 drivers
v000002300a31e0c0 .array "fb", 4095 0, 7 0;
v000002300a31dda0_0 .var/i "i", 31 0;
v000002300a31e020_0 .var/i "j", 31 0;
v000002300a31ede0_0 .var "read_color", 7 0;
L_000002300a32dce8 .functor BUFT 1, C4<0>, C4<0>, C4<0>, C4<0>;
v000002300a31d3a0_0 .net "read_en", 0 0, L_000002300a32dce8;  1 drivers
L_000002300a32dd30 .functor BUFT 1, C4<000000>, C4<0>, C4<0>, C4<0>;
v000002300a31db20_0 .net "read_x", 5 0, L_000002300a32dd30;  1 drivers
L_000002300a32dd78 .functor BUFT 1, C4<000000>, C4<0>, C4<0>, C4<0>;
v000002300a31d800_0 .net "read_y", 5 0, L_000002300a32dd78;  1 drivers
v000002300a31d620_0 .net "rst", 0 0, v000002300a327850_0;  alias, 1 drivers
v000002300a31de40_0 .net "write_color", 7 0, v000002300a31ec00_0;  alias, 1 drivers
v000002300a31eb60_0 .net "write_en", 0 0, v000002300a31e840_0;  alias, 1 drivers
v000002300a31e340_0 .net "write_x", 5 0, v000002300a31e3e0_0;  alias, 1 drivers
v000002300a31e160_0 .net "write_y", 5 0, v000002300a31e480_0;  alias, 1 drivers
E_000002300a2b1cc0 .event posedge, v000002300a31e5c0_0;
S_000002300a26cfc0 .scope begin, "dump_block" "dump_block" 6 31, 6 31 0, S_000002300a23db40;
 .timescale 0 0;
v000002300a31c010_0 .var/i "fd", 31 0;
S_000002300a26d150 .scope module, "merger" "output_merger" 4 91, 7 1 0, S_000002300a2533b0;
 .timescale 0 0;
    .port_info 0 /INPUT 1 "clk";
    .port_info 1 /INPUT 1 "rst";
    .port_info 2 /INPUT 1 "pixel_valid_in";
    .port_info 3 /INPUT 6 "pixel_x";
    .port_info 4 /INPUT 6 "pixel_y";
    .port_info 5 /INPUT 8 "pixel_color_in";
    .port_info 6 /INPUT 16 "pixel_depth_in";
    .port_info 7 /OUTPUT 1 "zbuf_read_en";
    .port_info 8 /OUTPUT 6 "zbuf_read_x";
    .port_info 9 /OUTPUT 6 "zbuf_read_y";
    .port_info 10 /INPUT 16 "zbuf_depth_out";
    .port_info 11 /OUTPUT 1 "zbuf_write_en";
    .port_info 12 /OUTPUT 6 "zbuf_write_x";
    .port_info 13 /OUTPUT 6 "zbuf_write_y";
    .port_info 14 /OUTPUT 16 "zbuf_depth_in";
    .port_info 15 /OUTPUT 1 "fb_write_en";
    .port_info 16 /OUTPUT 6 "fb_write_x";
    .port_info 17 /OUTPUT 6 "fb_write_y";
    .port_info 18 /OUTPUT 8 "fb_write_color";
v000002300a31ed40_0 .net "clk", 0 0, v000002300a327210_0;  alias, 1 drivers
v000002300a31ec00_0 .var "fb_write_color", 7 0;
v000002300a31e840_0 .var "fb_write_en", 0 0;
v000002300a31e3e0_0 .var "fb_write_x", 5 0;
v000002300a31e480_0 .var "fb_write_y", 5 0;
v000002300a31e520_0 .net "pixel_color_in", 7 0, L_000002300a2a5e50;  alias, 1 drivers
v000002300a31eca0_0 .net "pixel_depth_in", 15 0, v000002300a327490_0;  alias, 1 drivers
v000002300a31e2a0_0 .net "pixel_valid_in", 0 0, L_000002300a2a6a90;  alias, 1 drivers
v000002300a31d580_0 .net "pixel_x", 5 0, L_000002300a38b990;  1 drivers
v000002300a31dd00_0 .net "pixel_y", 5 0, L_000002300a38bad0;  1 drivers
v000002300a31dc60_0 .net "rst", 0 0, v000002300a327850_0;  alias, 1 drivers
v000002300a31d1c0_0 .var "s1_color", 7 0;
v000002300a31dbc0_0 .var "s1_depth", 15 0;
v000002300a31dee0_0 .var "s1_valid", 0 0;
v000002300a31df80_0 .var "s1_x", 5 0;
v000002300a31e200_0 .var "s1_y", 5 0;
v000002300a31e660_0 .var "zbuf_depth_in", 15 0;
v000002300a31e700_0 .net "zbuf_depth_out", 15 0, v000002300a327000_0;  alias, 1 drivers
v000002300a31e7a0_0 .var "zbuf_read_en", 0 0;
v000002300a31e8e0_0 .var "zbuf_read_x", 5 0;
v000002300a31e980_0 .var "zbuf_read_y", 5 0;
v000002300a31ea20_0 .var "zbuf_write_en", 0 0;
v000002300a31d6c0_0 .var "zbuf_write_x", 5 0;
v000002300a31d9e0_0 .var "zbuf_write_y", 5 0;
S_000002300a266500 .scope module, "rasterizer" "tile_rasterizer" 4 44, 8 3 0, S_000002300a2533b0;
 .timescale 0 0;
    .port_info 0 /INPUT 1 "clk";
    .port_info 1 /INPUT 1 "rst";
    .port_info 2 /INPUT 1 "start";
    .port_info 3 /INPUT 16 "tile_ox";
    .port_info 4 /INPUT 16 "tile_oy";
    .port_info 5 /INPUT 16 "v0x";
    .port_info 6 /INPUT 16 "v0y";
    .port_info 7 /INPUT 16 "v1x";
    .port_info 8 /INPUT 16 "v1y";
    .port_info 9 /INPUT 16 "v2x";
    .port_info 10 /INPUT 16 "v2y";
    .port_info 11 /INPUT 8 "color_in";
    .port_info 12 /OUTPUT 1 "pixel_valid";
    .port_info 13 /OUTPUT 16 "pixel_x";
    .port_info 14 /OUTPUT 16 "pixel_y";
    .port_info 15 /OUTPUT 8 "pixel_color";
    .port_info 16 /OUTPUT 1 "done";
P_000002300a266690 .param/l "DONE_S" 1 8 27, C4<11>;
P_000002300a2666c8 .param/l "IDLE" 1 8 24, C4<00>;
P_000002300a266700 .param/l "LOAD" 1 8 25, C4<01>;
P_000002300a266738 .param/l "RASTER" 1 8 26, C4<10>;
L_000002300a2a60f0 .functor AND 1, L_000002300a38cf70, L_000002300a32c140, C4<1>, C4<1>;
L_000002300a2a6320 .functor AND 1, L_000002300a2a60f0, L_000002300a38cb10, C4<1>, C4<1>;
L_000002300a2a6a90 .functor AND 1, L_000002300a2a6320, L_000002300a38d0b0, C4<1>, C4<1>;
L_000002300a2a6780 .functor BUFZ 16, L_000002300a32aac0, C4<0000000000000000>, C4<0000000000000000>, C4<0000000000000000>;
L_000002300a2a5de0 .functor BUFZ 16, L_000002300a32ce60, C4<0000000000000000>, C4<0000000000000000>, C4<0000000000000000>;
L_000002300a2a5e50 .functor BUFZ 8, v000002300a323a10_0, C4<00000000>, C4<00000000>, C4<00000000>;
L_000002300a32d8f8 .functor BUFT 1, C4<0000000000000>, C4<0>, C4<0>, C4<0>;
v000002300a3242d0_0 .net/2u *"_ivl_0", 12 0, L_000002300a32d8f8;  1 drivers
L_000002300a32db38 .functor BUFT 1, C4<10>, C4<0>, C4<0>, C4<0>;
v000002300a324230_0 .net/2u *"_ivl_12", 1 0, L_000002300a32db38;  1 drivers
v000002300a324550_0 .net *"_ivl_14", 0 0, L_000002300a38cf70;  1 drivers
v000002300a3245f0_0 .net *"_ivl_17", 0 0, L_000002300a2a60f0;  1 drivers
v000002300a3249b0_0 .net *"_ivl_19", 0 0, L_000002300a2a6320;  1 drivers
v000002300a324730_0 .net *"_ivl_2", 15 0, L_000002300a32aa20;  1 drivers
L_000002300a32db80 .functor BUFT 1, C4<11>, C4<0>, C4<0>, C4<0>;
v000002300a324870_0 .net/2u *"_ivl_28", 1 0, L_000002300a32db80;  1 drivers
L_000002300a32d940 .functor BUFT 1, C4<0000000000000>, C4<0>, C4<0>, C4<0>;
v000002300a324c30_0 .net/2u *"_ivl_6", 12 0, L_000002300a32d940;  1 drivers
v000002300a324d70_0 .net *"_ivl_8", 15 0, L_000002300a32caa0;  1 drivers
v000002300a323330_0 .net "abs_x", 15 0, L_000002300a32aac0;  1 drivers
v000002300a3238d0_0 .net "abs_y", 15 0, L_000002300a32ce60;  1 drivers
v000002300a323470_0 .net "clk", 0 0, v000002300a327210_0;  alias, 1 drivers
v000002300a323970_0 .net "color_in", 7 0, v000002300a3289d0_0;  alias, 1 drivers
v000002300a323a10_0 .var "color_r", 7 0;
v000002300a323dd0_0 .net "done", 0 0, L_000002300a38d010;  alias, 1 drivers
v000002300a323510_0 .net "inside0", 0 0, L_000002300a32c140;  1 drivers
v000002300a323ab0_0 .net "inside1", 0 0, L_000002300a38cb10;  1 drivers
v000002300a323bf0_0 .net "inside2", 0 0, L_000002300a38d0b0;  1 drivers
v000002300a325340_0 .net "pixel_color", 7 0, L_000002300a2a5e50;  alias, 1 drivers
v000002300a325ca0_0 .net "pixel_valid", 0 0, L_000002300a2a6a90;  alias, 1 drivers
v000002300a326ce0_0 .net "pixel_x", 15 0, L_000002300a2a6780;  alias, 1 drivers
v000002300a3266a0_0 .net "pixel_y", 15 0, L_000002300a2a5de0;  alias, 1 drivers
v000002300a326c40_0 .var "px", 2 0;
v000002300a326740_0 .var "py", 2 0;
v000002300a326ba0_0 .net "rst", 0 0, v000002300a327850_0;  alias, 1 drivers
v000002300a326100_0 .net "start", 0 0, v000002300a327df0_0;  alias, 1 drivers
v000002300a326420_0 .var "state", 1 0;
v000002300a326b00_0 .net "tile_ox", 15 0, L_000002300a38b530;  1 drivers
v000002300a3261a0_0 .var "tile_ox_r", 15 0;
v000002300a325de0_0 .net "tile_oy", 15 0, L_000002300a38b850;  1 drivers
v000002300a326d80_0 .var "tile_oy_r", 15 0;
v000002300a325e80_0 .net "v0x", 15 0, v000002300a327e90_0;  alias, 1 drivers
v000002300a326240_0 .var "v0x_r", 15 0;
v000002300a326920_0 .net "v0y", 15 0, v000002300a328f70_0;  alias, 1 drivers
v000002300a326600_0 .var "v0y_r", 15 0;
v000002300a3258e0_0 .net "v1x", 15 0, v000002300a3287f0_0;  alias, 1 drivers
v000002300a326f60_0 .var "v1x_r", 15 0;
v000002300a3262e0_0 .net "v1y", 15 0, v000002300a327350_0;  alias, 1 drivers
v000002300a326e20_0 .var "v1y_r", 15 0;
v000002300a3267e0_0 .net "v2x", 15 0, v000002300a328430_0;  alias, 1 drivers
v000002300a326ec0_0 .var "v2x_r", 15 0;
v000002300a325480_0 .net "v2y", 15 0, v000002300a3284d0_0;  alias, 1 drivers
v000002300a326560_0 .var "v2y_r", 15 0;
L_000002300a32aa20 .concat [ 3 13 0 0], v000002300a326c40_0, L_000002300a32d8f8;
L_000002300a32aac0 .arith/sum 16, v000002300a3261a0_0, L_000002300a32aa20;
L_000002300a32caa0 .concat [ 3 13 0 0], v000002300a326740_0, L_000002300a32d940;
L_000002300a32ce60 .arith/sum 16, v000002300a326d80_0, L_000002300a32caa0;
L_000002300a38cf70 .cmp/eq 2, v000002300a326420_0, L_000002300a32db38;
L_000002300a38d010 .cmp/eq 2, v000002300a326420_0, L_000002300a32db80;
S_000002300a266780 .scope module, "ef0" "edge_function" 8 43, 9 2 0, S_000002300a266500;
 .timescale 0 0;
    .port_info 0 /INPUT 16 "x0";
    .port_info 1 /INPUT 16 "y0";
    .port_info 2 /INPUT 16 "x1";
    .port_info 3 /INPUT 16 "y1";
    .port_info 4 /INPUT 16 "px";
    .port_info 5 /INPUT 16 "py";
    .port_info 6 /OUTPUT 33 "result";
    .port_info 7 /OUTPUT 1 "inside_flag";
P_000002300a1d8b30 .param/l "COORD_BITS" 0 9 3, +C4<00000000000000000000000000010000>;
P_000002300a1d8b68 .param/l "RESULT_BITS" 0 9 4, +C4<00000000000000000000000000100001>;
v000002300a31d4e0_0 .net/s *"_ivl_0", 16 0, L_000002300a32c500;  1 drivers
v000002300a31ef20_0 .net/s *"_ivl_12", 16 0, L_000002300a32c6e0;  1 drivers
v000002300a31efc0_0 .net/s *"_ivl_14", 16 0, L_000002300a32cfa0;  1 drivers
v000002300a31d120_0 .net/s *"_ivl_18", 16 0, L_000002300a32d0e0;  1 drivers
v000002300a31d260_0 .net/s *"_ivl_2", 16 0, L_000002300a32d040;  1 drivers
v000002300a31d300_0 .net/s *"_ivl_20", 16 0, L_000002300a32cbe0;  1 drivers
v000002300a31d440_0 .net/s *"_ivl_24", 32 0, L_000002300a32c820;  1 drivers
v000002300a31d760_0 .net/s *"_ivl_26", 32 0, L_000002300a32c780;  1 drivers
v000002300a31d8a0_0 .net/s *"_ivl_29", 32 0, L_000002300a32cdc0;  1 drivers
v000002300a31d940_0 .net/s *"_ivl_30", 32 0, L_000002300a32d220;  1 drivers
v000002300a31da80_0 .net/s *"_ivl_32", 32 0, L_000002300a32c640;  1 drivers
v000002300a320170_0 .net/s *"_ivl_35", 32 0, L_000002300a32bba0;  1 drivers
L_000002300a32d988 .functor BUFT 1, C4<000000000000000000000000000000000>, C4<0>, C4<0>, C4<0>;
v000002300a3208f0_0 .net/2s *"_ivl_40", 32 0, L_000002300a32d988;  1 drivers
v000002300a320e90_0 .net *"_ivl_42", 0 0, L_000002300a32bce0;  1 drivers
L_000002300a32d9d0 .functor BUFT 1, C4<000000000000000000000000000000000>, C4<0>, C4<0>, C4<0>;
v000002300a31f9f0_0 .net/2s *"_ivl_44", 32 0, L_000002300a32d9d0;  1 drivers
v000002300a320670_0 .net *"_ivl_46", 0 0, L_000002300a32c3c0;  1 drivers
v000002300a3205d0_0 .net/s *"_ivl_6", 16 0, L_000002300a32cd20;  1 drivers
v000002300a3203f0_0 .net/s *"_ivl_8", 16 0, L_000002300a32cb40;  1 drivers
v000002300a320490_0 .net/s "dx", 16 0, L_000002300a32c5a0;  1 drivers
v000002300a31f810_0 .net/s "dy", 16 0, L_000002300a32c0a0;  1 drivers
v000002300a320d50_0 .net/s "ex", 16 0, L_000002300a32c8c0;  1 drivers
v000002300a320df0_0 .net/s "ey", 16 0, L_000002300a32d180;  1 drivers
v000002300a31f3b0_0 .net "inside_flag", 0 0, L_000002300a32c140;  alias, 1 drivers
v000002300a31fb30_0 .net "is_horizontal", 0 0, L_000002300a32c1e0;  1 drivers
v000002300a320710_0 .net/s "px", 15 0, L_000002300a32aac0;  alias, 1 drivers
v000002300a320990_0 .net/s "py", 15 0, L_000002300a32ce60;  alias, 1 drivers
v000002300a31f310_0 .net/s "result", 32 0, L_000002300a32bc40;  1 drivers
v000002300a320b70_0 .net/s "x0", 15 0, v000002300a326240_0;  1 drivers
v000002300a320350_0 .net/s "x1", 15 0, v000002300a326f60_0;  1 drivers
v000002300a3200d0_0 .net/s "y0", 15 0, v000002300a326600_0;  1 drivers
v000002300a31fbd0_0 .net/s "y1", 15 0, v000002300a326e20_0;  1 drivers
L_000002300a32c500 .extend/s 17, L_000002300a32aac0;
L_000002300a32d040 .extend/s 17, v000002300a326240_0;
L_000002300a32c5a0 .arith/sub 17, L_000002300a32c500, L_000002300a32d040;
L_000002300a32cd20 .extend/s 17, L_000002300a32ce60;
L_000002300a32cb40 .extend/s 17, v000002300a326600_0;
L_000002300a32c0a0 .arith/sub 17, L_000002300a32cd20, L_000002300a32cb40;
L_000002300a32c6e0 .extend/s 17, v000002300a326f60_0;
L_000002300a32cfa0 .extend/s 17, v000002300a326240_0;
L_000002300a32c8c0 .arith/sub 17, L_000002300a32c6e0, L_000002300a32cfa0;
L_000002300a32d0e0 .extend/s 17, v000002300a326e20_0;
L_000002300a32cbe0 .extend/s 17, v000002300a326600_0;
L_000002300a32d180 .arith/sub 17, L_000002300a32d0e0, L_000002300a32cbe0;
L_000002300a32c820 .extend/s 33, L_000002300a32c5a0;
L_000002300a32c780 .extend/s 33, L_000002300a32d180;
L_000002300a32cdc0 .arith/mult 33, L_000002300a32c820, L_000002300a32c780;
L_000002300a32d220 .extend/s 33, L_000002300a32c0a0;
L_000002300a32c640 .extend/s 33, L_000002300a32c8c0;
L_000002300a32bba0 .arith/mult 33, L_000002300a32d220, L_000002300a32c640;
L_000002300a32bc40 .arith/sub 33, L_000002300a32cdc0, L_000002300a32bba0;
L_000002300a32c1e0 .cmp/eq 16, v000002300a326e20_0, v000002300a326600_0;
L_000002300a32bce0 .cmp/gt.s 33, L_000002300a32d988, L_000002300a32bc40;
L_000002300a32c3c0 .cmp/ge.s 33, L_000002300a32d9d0, L_000002300a32bc40;
L_000002300a32c140 .functor MUXZ 1, L_000002300a32c3c0, L_000002300a32bce0, L_000002300a32c1e0, C4<>;
S_000002300a24fd80 .scope module, "ef1" "edge_function" 8 50, 9 2 0, S_000002300a266500;
 .timescale 0 0;
    .port_info 0 /INPUT 16 "x0";
    .port_info 1 /INPUT 16 "y0";
    .port_info 2 /INPUT 16 "x1";
    .port_info 3 /INPUT 16 "y1";
    .port_info 4 /INPUT 16 "px";
    .port_info 5 /INPUT 16 "py";
    .port_info 6 /OUTPUT 33 "result";
    .port_info 7 /OUTPUT 1 "inside_flag";
P_000002300a1d8130 .param/l "COORD_BITS" 0 9 3, +C4<00000000000000000000000000010000>;
P_000002300a1d8168 .param/l "RESULT_BITS" 0 9 4, +C4<00000000000000000000000000100001>;
v000002300a320a30_0 .net/s *"_ivl_0", 16 0, L_000002300a32bd80;  1 drivers
v000002300a320530_0 .net/s *"_ivl_12", 16 0, L_000002300a32c000;  1 drivers
v000002300a3207b0_0 .net/s *"_ivl_14", 16 0, L_000002300a32cc80;  1 drivers
v000002300a31fe50_0 .net/s *"_ivl_18", 16 0, L_000002300a32c320;  1 drivers
v000002300a31f450_0 .net/s *"_ivl_2", 16 0, L_000002300a32bf60;  1 drivers
v000002300a320210_0 .net/s *"_ivl_20", 16 0, L_000002300a32c460;  1 drivers
v000002300a31f630_0 .net/s *"_ivl_24", 32 0, L_000002300a38b5d0;  1 drivers
v000002300a31f1d0_0 .net/s *"_ivl_26", 32 0, L_000002300a38b710;  1 drivers
v000002300a31fc70_0 .net/s *"_ivl_29", 32 0, L_000002300a38c7f0;  1 drivers
v000002300a3202b0_0 .net/s *"_ivl_30", 32 0, L_000002300a38d830;  1 drivers
v000002300a320ad0_0 .net/s *"_ivl_32", 32 0, L_000002300a38c1b0;  1 drivers
v000002300a320f30_0 .net/s *"_ivl_35", 32 0, L_000002300a38c890;  1 drivers
L_000002300a32da18 .functor BUFT 1, C4<000000000000000000000000000000000>, C4<0>, C4<0>, C4<0>;
v000002300a320cb0_0 .net/2s *"_ivl_40", 32 0, L_000002300a32da18;  1 drivers
v000002300a320850_0 .net *"_ivl_42", 0 0, L_000002300a38cbb0;  1 drivers
L_000002300a32da60 .functor BUFT 1, C4<000000000000000000000000000000000>, C4<0>, C4<0>, C4<0>;
v000002300a31fd10_0 .net/2s *"_ivl_44", 32 0, L_000002300a32da60;  1 drivers
v000002300a320c10_0 .net *"_ivl_46", 0 0, L_000002300a38c750;  1 drivers
v000002300a320030_0 .net/s *"_ivl_6", 16 0, L_000002300a32cf00;  1 drivers
v000002300a320fd0_0 .net/s *"_ivl_8", 16 0, L_000002300a32bec0;  1 drivers
v000002300a31f130_0 .net/s "dx", 16 0, L_000002300a32be20;  1 drivers
v000002300a31f270_0 .net/s "dy", 16 0, L_000002300a32c280;  1 drivers
v000002300a31f4f0_0 .net/s "ex", 16 0, L_000002300a32c960;  1 drivers
v000002300a31f770_0 .net/s "ey", 16 0, L_000002300a32ca00;  1 drivers
v000002300a31f6d0_0 .net "inside_flag", 0 0, L_000002300a38cb10;  alias, 1 drivers
v000002300a31f590_0 .net "is_horizontal", 0 0, L_000002300a38c570;  1 drivers
v000002300a31f8b0_0 .net/s "px", 15 0, L_000002300a32aac0;  alias, 1 drivers
v000002300a31f950_0 .net/s "py", 15 0, L_000002300a32ce60;  alias, 1 drivers
v000002300a31fa90_0 .net/s "result", 32 0, L_000002300a38db50;  1 drivers
v000002300a31fdb0_0 .net/s "x0", 15 0, v000002300a326f60_0;  alias, 1 drivers
v000002300a31fef0_0 .net/s "x1", 15 0, v000002300a326ec0_0;  1 drivers
v000002300a31ff90_0 .net/s "y0", 15 0, v000002300a326e20_0;  alias, 1 drivers
v000002300a3231f0_0 .net/s "y1", 15 0, v000002300a326560_0;  1 drivers
L_000002300a32bd80 .extend/s 17, L_000002300a32aac0;
L_000002300a32bf60 .extend/s 17, v000002300a326f60_0;
L_000002300a32be20 .arith/sub 17, L_000002300a32bd80, L_000002300a32bf60;
L_000002300a32cf00 .extend/s 17, L_000002300a32ce60;
L_000002300a32bec0 .extend/s 17, v000002300a326e20_0;
L_000002300a32c280 .arith/sub 17, L_000002300a32cf00, L_000002300a32bec0;
L_000002300a32c000 .extend/s 17, v000002300a326ec0_0;
L_000002300a32cc80 .extend/s 17, v000002300a326f60_0;
L_000002300a32c960 .arith/sub 17, L_000002300a32c000, L_000002300a32cc80;
L_000002300a32c320 .extend/s 17, v000002300a326560_0;
L_000002300a32c460 .extend/s 17, v000002300a326e20_0;
L_000002300a32ca00 .arith/sub 17, L_000002300a32c320, L_000002300a32c460;
L_000002300a38b5d0 .extend/s 33, L_000002300a32be20;
L_000002300a38b710 .extend/s 33, L_000002300a32ca00;
L_000002300a38c7f0 .arith/mult 33, L_000002300a38b5d0, L_000002300a38b710;
L_000002300a38d830 .extend/s 33, L_000002300a32c280;
L_000002300a38c1b0 .extend/s 33, L_000002300a32c960;
L_000002300a38c890 .arith/mult 33, L_000002300a38d830, L_000002300a38c1b0;
L_000002300a38db50 .arith/sub 33, L_000002300a38c7f0, L_000002300a38c890;
L_000002300a38c570 .cmp/eq 16, v000002300a326560_0, v000002300a326e20_0;
L_000002300a38cbb0 .cmp/gt.s 33, L_000002300a32da18, L_000002300a38db50;
L_000002300a38c750 .cmp/ge.s 33, L_000002300a32da60, L_000002300a38db50;
L_000002300a38cb10 .functor MUXZ 1, L_000002300a38c750, L_000002300a38cbb0, L_000002300a38c570, C4<>;
S_000002300a24ff10 .scope module, "ef2" "edge_function" 8 57, 9 2 0, S_000002300a266500;
 .timescale 0 0;
    .port_info 0 /INPUT 16 "x0";
    .port_info 1 /INPUT 16 "y0";
    .port_info 2 /INPUT 16 "x1";
    .port_info 3 /INPUT 16 "y1";
    .port_info 4 /INPUT 16 "px";
    .port_info 5 /INPUT 16 "py";
    .port_info 6 /OUTPUT 33 "result";
    .port_info 7 /OUTPUT 1 "inside_flag";
P_000002300a1d8c30 .param/l "COORD_BITS" 0 9 3, +C4<00000000000000000000000000010000>;
P_000002300a1d8c68 .param/l "RESULT_BITS" 0 9 4, +C4<00000000000000000000000000100001>;
v000002300a324eb0_0 .net/s *"_ivl_0", 16 0, L_000002300a38da10;  1 drivers
v000002300a3233d0_0 .net/s *"_ivl_12", 16 0, L_000002300a38ccf0;  1 drivers
v000002300a323c90_0 .net/s *"_ivl_14", 16 0, L_000002300a38d790;  1 drivers
v000002300a324410_0 .net/s *"_ivl_18", 16 0, L_000002300a38c930;  1 drivers
v000002300a324e10_0 .net/s *"_ivl_2", 16 0, L_000002300a38b7b0;  1 drivers
v000002300a324050_0 .net/s *"_ivl_20", 16 0, L_000002300a38cc50;  1 drivers
v000002300a3236f0_0 .net/s *"_ivl_24", 32 0, L_000002300a38b3f0;  1 drivers
v000002300a324ff0_0 .net/s *"_ivl_26", 32 0, L_000002300a38d1f0;  1 drivers
v000002300a323b50_0 .net/s *"_ivl_29", 32 0, L_000002300a38d8d0;  1 drivers
v000002300a3235b0_0 .net/s *"_ivl_30", 32 0, L_000002300a38cd90;  1 drivers
v000002300a323650_0 .net/s *"_ivl_32", 32 0, L_000002300a38d290;  1 drivers
v000002300a3240f0_0 .net/s *"_ivl_35", 32 0, L_000002300a38d6f0;  1 drivers
L_000002300a32daa8 .functor BUFT 1, C4<000000000000000000000000000000000>, C4<0>, C4<0>, C4<0>;
v000002300a323d30_0 .net/2s *"_ivl_40", 32 0, L_000002300a32daa8;  1 drivers
v000002300a324370_0 .net *"_ivl_42", 0 0, L_000002300a38ce30;  1 drivers
L_000002300a32daf0 .functor BUFT 1, C4<000000000000000000000000000000000>, C4<0>, C4<0>, C4<0>;
v000002300a323e70_0 .net/2s *"_ivl_44", 32 0, L_000002300a32daf0;  1 drivers
v000002300a323790_0 .net *"_ivl_46", 0 0, L_000002300a38d650;  1 drivers
v000002300a324a50_0 .net/s *"_ivl_6", 16 0, L_000002300a38bdf0;  1 drivers
v000002300a323150_0 .net/s *"_ivl_8", 16 0, L_000002300a38dab0;  1 drivers
v000002300a324910_0 .net/s "dx", 16 0, L_000002300a38b670;  1 drivers
v000002300a323f10_0 .net/s "dy", 16 0, L_000002300a38d150;  1 drivers
v000002300a323830_0 .net/s "ex", 16 0, L_000002300a38ced0;  1 drivers
v000002300a324b90_0 .net/s "ey", 16 0, L_000002300a38c9d0;  1 drivers
v000002300a3247d0_0 .net "inside_flag", 0 0, L_000002300a38d0b0;  alias, 1 drivers
v000002300a324af0_0 .net "is_horizontal", 0 0, L_000002300a38d970;  1 drivers
v000002300a324f50_0 .net/s "px", 15 0, L_000002300a32aac0;  alias, 1 drivers
v000002300a324190_0 .net/s "py", 15 0, L_000002300a32ce60;  alias, 1 drivers
v000002300a324690_0 .net/s "result", 32 0, L_000002300a38b490;  1 drivers
v000002300a324cd0_0 .net/s "x0", 15 0, v000002300a326ec0_0;  alias, 1 drivers
v000002300a3244b0_0 .net/s "x1", 15 0, v000002300a326240_0;  alias, 1 drivers
v000002300a323290_0 .net/s "y0", 15 0, v000002300a326560_0;  alias, 1 drivers
v000002300a323fb0_0 .net/s "y1", 15 0, v000002300a326600_0;  alias, 1 drivers
L_000002300a38da10 .extend/s 17, L_000002300a32aac0;
L_000002300a38b7b0 .extend/s 17, v000002300a326ec0_0;
L_000002300a38b670 .arith/sub 17, L_000002300a38da10, L_000002300a38b7b0;
L_000002300a38bdf0 .extend/s 17, L_000002300a32ce60;
L_000002300a38dab0 .extend/s 17, v000002300a326560_0;
L_000002300a38d150 .arith/sub 17, L_000002300a38bdf0, L_000002300a38dab0;
L_000002300a38ccf0 .extend/s 17, v000002300a326240_0;
L_000002300a38d790 .extend/s 17, v000002300a326ec0_0;
L_000002300a38ced0 .arith/sub 17, L_000002300a38ccf0, L_000002300a38d790;
L_000002300a38c930 .extend/s 17, v000002300a326600_0;
L_000002300a38cc50 .extend/s 17, v000002300a326560_0;
L_000002300a38c9d0 .arith/sub 17, L_000002300a38c930, L_000002300a38cc50;
L_000002300a38b3f0 .extend/s 33, L_000002300a38b670;
L_000002300a38d1f0 .extend/s 33, L_000002300a38c9d0;
L_000002300a38d8d0 .arith/mult 33, L_000002300a38b3f0, L_000002300a38d1f0;
L_000002300a38cd90 .extend/s 33, L_000002300a38d150;
L_000002300a38d290 .extend/s 33, L_000002300a38ced0;
L_000002300a38d6f0 .arith/mult 33, L_000002300a38cd90, L_000002300a38d290;
L_000002300a38b490 .arith/sub 33, L_000002300a38d8d0, L_000002300a38d6f0;
L_000002300a38d970 .cmp/eq 16, v000002300a326600_0, v000002300a326560_0;
L_000002300a38ce30 .cmp/gt.s 33, L_000002300a32daa8, L_000002300a38b490;
L_000002300a38d650 .cmp/ge.s 33, L_000002300a32daf0, L_000002300a38b490;
L_000002300a38d0b0 .functor MUXZ 1, L_000002300a38d650, L_000002300a38ce30, L_000002300a38d970, C4<>;
S_000002300a1f2ef0 .scope module, "zbuf" "zbuffer" 4 73, 10 1 0, S_000002300a2533b0;
 .timescale 0 0;
    .port_info 0 /INPUT 1 "clk";
    .port_info 1 /INPUT 1 "rst";
    .port_info 2 /INPUT 1 "read_en";
    .port_info 3 /INPUT 1 "write_en";
    .port_info 4 /INPUT 6 "read_x";
    .port_info 5 /INPUT 6 "read_y";
    .port_info 6 /INPUT 6 "write_x";
    .port_info 7 /INPUT 6 "write_y";
    .port_info 8 /INPUT 16 "depth_in";
    .port_info 9 /OUTPUT 16 "depth_out";
v000002300a326880_0 .net "clk", 0 0, v000002300a327210_0;  alias, 1 drivers
v000002300a3269c0_0 .net "depth_in", 15 0, v000002300a31e660_0;  alias, 1 drivers
v000002300a327000_0 .var "depth_out", 15 0;
v000002300a3264c0_0 .var/i "i", 31 0;
v000002300a325d40_0 .var/i "j", 31 0;
v000002300a3253e0_0 .net "read_en", 0 0, v000002300a31e7a0_0;  alias, 1 drivers
v000002300a325c00_0 .net "read_x", 5 0, v000002300a31e8e0_0;  alias, 1 drivers
v000002300a325160_0 .net "read_y", 5 0, v000002300a31e980_0;  alias, 1 drivers
v000002300a325200_0 .net "rst", 0 0, v000002300a327850_0;  alias, 1 drivers
v000002300a325980_0 .net "write_en", 0 0, v000002300a31ea20_0;  alias, 1 drivers
v000002300a326a60_0 .net "write_x", 5 0, v000002300a31d6c0_0;  alias, 1 drivers
v000002300a3252a0_0 .net "write_y", 5 0, v000002300a31d9e0_0;  alias, 1 drivers
v000002300a326380 .array "zbuf", 4095 0, 15 0;
    .scope S_000002300a266500;
T_0 ;
    %wait E_000002300a2b1cc0;
    %load/vec4 v000002300a326ba0_0;
    %flag_set/vec4 8;
    %jmp/0xz  T_0.0, 8;
    %pushi/vec4 0, 0, 2;
    %assign/vec4 v000002300a326420_0, 0;
    %pushi/vec4 0, 0, 3;
    %assign/vec4 v000002300a326c40_0, 0;
    %pushi/vec4 0, 0, 3;
    %assign/vec4 v000002300a326740_0, 0;
    %jmp T_0.1;
T_0.0 ;
    %load/vec4 v000002300a326420_0;
    %dup/vec4;
    %pushi/vec4 0, 0, 2;
    %cmp/u;
    %jmp/1 T_0.2, 6;
    %dup/vec4;
    %pushi/vec4 1, 0, 2;
    %cmp/u;
    %jmp/1 T_0.3, 6;
    %dup/vec4;
    %pushi/vec4 2, 0, 2;
    %cmp/u;
    %jmp/1 T_0.4, 6;
    %dup/vec4;
    %pushi/vec4 3, 0, 2;
    %cmp/u;
    %jmp/1 T_0.5, 6;
    %jmp T_0.6;
T_0.2 ;
    %load/vec4 v000002300a326100_0;
    %flag_set/vec4 8;
    %jmp/0xz  T_0.7, 8;
    %pushi/vec4 1, 0, 2;
    %assign/vec4 v000002300a326420_0, 0;
T_0.7 ;
    %jmp T_0.6;
T_0.3 ;
    %load/vec4 v000002300a326b00_0;
    %assign/vec4 v000002300a3261a0_0, 0;
    %load/vec4 v000002300a325de0_0;
    %assign/vec4 v000002300a326d80_0, 0;
    %load/vec4 v000002300a325e80_0;
    %assign/vec4 v000002300a326240_0, 0;
    %load/vec4 v000002300a326920_0;
    %assign/vec4 v000002300a326600_0, 0;
    %load/vec4 v000002300a3258e0_0;
    %assign/vec4 v000002300a326f60_0, 0;
    %load/vec4 v000002300a3262e0_0;
    %assign/vec4 v000002300a326e20_0, 0;
    %load/vec4 v000002300a3267e0_0;
    %assign/vec4 v000002300a326ec0_0, 0;
    %load/vec4 v000002300a325480_0;
    %assign/vec4 v000002300a326560_0, 0;
    %load/vec4 v000002300a323970_0;
    %assign/vec4 v000002300a323a10_0, 0;
    %pushi/vec4 0, 0, 3;
    %assign/vec4 v000002300a326c40_0, 0;
    %pushi/vec4 0, 0, 3;
    %assign/vec4 v000002300a326740_0, 0;
    %pushi/vec4 2, 0, 2;
    %assign/vec4 v000002300a326420_0, 0;
    %jmp T_0.6;
T_0.4 ;
    %load/vec4 v000002300a326c40_0;
    %cmpi/e 7, 0, 3;
    %jmp/0xz  T_0.9, 4;
    %pushi/vec4 0, 0, 3;
    %assign/vec4 v000002300a326c40_0, 0;
    %load/vec4 v000002300a326740_0;
    %cmpi/e 7, 0, 3;
    %jmp/0xz  T_0.11, 4;
    %pushi/vec4 3, 0, 2;
    %assign/vec4 v000002300a326420_0, 0;
    %jmp T_0.12;
T_0.11 ;
    %load/vec4 v000002300a326740_0;
    %addi 1, 0, 3;
    %assign/vec4 v000002300a326740_0, 0;
T_0.12 ;
    %jmp T_0.10;
T_0.9 ;
    %load/vec4 v000002300a326c40_0;
    %addi 1, 0, 3;
    %assign/vec4 v000002300a326c40_0, 0;
T_0.10 ;
    %jmp T_0.6;
T_0.5 ;
    %pushi/vec4 0, 0, 2;
    %assign/vec4 v000002300a326420_0, 0;
    %jmp T_0.6;
T_0.6 ;
    %pop/vec4 1;
T_0.1 ;
    %jmp T_0;
    .thread T_0;
    .scope S_000002300a1f2ef0;
T_1 ;
    %wait E_000002300a2b1cc0;
    %load/vec4 v000002300a325200_0;
    %flag_set/vec4 8;
    %jmp/0xz  T_1.0, 8;
    %pushi/vec4 0, 0, 32;
    %store/vec4 v000002300a3264c0_0, 0, 32;
T_1.2 ;
    %load/vec4 v000002300a3264c0_0;
    %cmpi/s 64, 0, 32;
    %jmp/0xz T_1.3, 5;
    %pushi/vec4 0, 0, 32;
    %store/vec4 v000002300a325d40_0, 0, 32;
T_1.4 ;
    %load/vec4 v000002300a325d40_0;
    %cmpi/s 64, 0, 32;
    %jmp/0xz T_1.5, 5;
    %pushi/vec4 65535, 0, 16;
    %load/vec4 v000002300a3264c0_0;
    %pad/s 39;
    %pad/s 45;
    %muli 64, 0, 45;
    %pad/s 46;
    %load/vec4 v000002300a325d40_0;
    %pad/s 46;
    %add;
    %ix/vec4/s 3;
    %ix/load 4, 0, 0; Constant delay
    %assign/vec4/a/d v000002300a326380, 0, 4;
    %load/vec4 v000002300a325d40_0;
    %addi 1, 0, 32;
    %store/vec4 v000002300a325d40_0, 0, 32;
    %jmp T_1.4;
T_1.5 ;
    %load/vec4 v000002300a3264c0_0;
    %addi 1, 0, 32;
    %store/vec4 v000002300a3264c0_0, 0, 32;
    %jmp T_1.2;
T_1.3 ;
    %jmp T_1.1;
T_1.0 ;
    %load/vec4 v000002300a325980_0;
    %flag_set/vec4 8;
    %jmp/0xz  T_1.6, 8;
    %load/vec4 v000002300a3269c0_0;
    %load/vec4 v000002300a3252a0_0;
    %pad/u 15;
    %pad/u 21;
    %muli 64, 0, 21;
    %pad/u 22;
    %load/vec4 v000002300a326a60_0;
    %pad/u 8;
    %pad/u 22;
    %add;
    %ix/vec4 3;
    %ix/load 4, 0, 0; Constant delay
    %assign/vec4/a/d v000002300a326380, 0, 4;
T_1.6 ;
    %load/vec4 v000002300a3253e0_0;
    %flag_set/vec4 8;
    %jmp/0xz  T_1.8, 8;
    %load/vec4 v000002300a325160_0;
    %pad/u 15;
    %pad/u 21;
    %muli 64, 0, 21;
    %pad/u 22;
    %load/vec4 v000002300a325c00_0;
    %pad/u 8;
    %pad/u 22;
    %add;
    %ix/vec4 4;
    %load/vec4a v000002300a326380, 4;
    %assign/vec4 v000002300a327000_0, 0;
T_1.8 ;
T_1.1 ;
    %jmp T_1;
    .thread T_1;
    .scope S_000002300a26d150;
T_2 ;
    %wait E_000002300a2b1cc0;
    %load/vec4 v000002300a31dc60_0;
    %flag_set/vec4 8;
    %jmp/0xz  T_2.0, 8;
    %pushi/vec4 0, 0, 1;
    %assign/vec4 v000002300a31e7a0_0, 0;
    %pushi/vec4 0, 0, 1;
    %assign/vec4 v000002300a31ea20_0, 0;
    %pushi/vec4 0, 0, 1;
    %assign/vec4 v000002300a31e840_0, 0;
    %pushi/vec4 0, 0, 1;
    %assign/vec4 v000002300a31dee0_0, 0;
    %jmp T_2.1;
T_2.0 ;
    %pushi/vec4 0, 0, 1;
    %assign/vec4 v000002300a31ea20_0, 0;
    %pushi/vec4 0, 0, 1;
    %assign/vec4 v000002300a31e840_0, 0;
    %load/vec4 v000002300a31e2a0_0;
    %assign/vec4 v000002300a31e7a0_0, 0;
    %load/vec4 v000002300a31d580_0;
    %assign/vec4 v000002300a31e8e0_0, 0;
    %load/vec4 v000002300a31dd00_0;
    %assign/vec4 v000002300a31e980_0, 0;
    %load/vec4 v000002300a31e2a0_0;
    %assign/vec4 v000002300a31dee0_0, 0;
    %load/vec4 v000002300a31d580_0;
    %assign/vec4 v000002300a31df80_0, 0;
    %load/vec4 v000002300a31dd00_0;
    %assign/vec4 v000002300a31e200_0, 0;
    %load/vec4 v000002300a31e520_0;
    %assign/vec4 v000002300a31d1c0_0, 0;
    %load/vec4 v000002300a31eca0_0;
    %assign/vec4 v000002300a31dbc0_0, 0;
    %load/vec4 v000002300a31dee0_0;
    %flag_set/vec4 8;
    %jmp/0xz  T_2.2, 8;
    %load/vec4 v000002300a31dbc0_0;
    %load/vec4 v000002300a31e700_0;
    %cmp/u;
    %jmp/0xz  T_2.4, 5;
    %pushi/vec4 1, 0, 1;
    %assign/vec4 v000002300a31ea20_0, 0;
    %load/vec4 v000002300a31df80_0;
    %assign/vec4 v000002300a31d6c0_0, 0;
    %load/vec4 v000002300a31e200_0;
    %assign/vec4 v000002300a31d9e0_0, 0;
    %load/vec4 v000002300a31dbc0_0;
    %assign/vec4 v000002300a31e660_0, 0;
    %pushi/vec4 1, 0, 1;
    %assign/vec4 v000002300a31e840_0, 0;
    %load/vec4 v000002300a31df80_0;
    %assign/vec4 v000002300a31e3e0_0, 0;
    %load/vec4 v000002300a31e200_0;
    %assign/vec4 v000002300a31e480_0, 0;
    %load/vec4 v000002300a31d1c0_0;
    %assign/vec4 v000002300a31ec00_0, 0;
T_2.4 ;
T_2.2 ;
T_2.1 ;
    %jmp T_2;
    .thread T_2;
    .scope S_000002300a23db40;
T_3 ;
    %wait E_000002300a2b1cc0;
    %load/vec4 v000002300a31d620_0;
    %flag_set/vec4 8;
    %jmp/0xz  T_3.0, 8;
    %pushi/vec4 0, 0, 32;
    %store/vec4 v000002300a31dda0_0, 0, 32;
T_3.2 ;
    %load/vec4 v000002300a31dda0_0;
    %cmpi/s 64, 0, 32;
    %jmp/0xz T_3.3, 5;
    %pushi/vec4 0, 0, 32;
    %store/vec4 v000002300a31e020_0, 0, 32;
T_3.4 ;
    %load/vec4 v000002300a31e020_0;
    %cmpi/s 64, 0, 32;
    %jmp/0xz T_3.5, 5;
    %pushi/vec4 0, 0, 8;
    %load/vec4 v000002300a31dda0_0;
    %pad/s 39;
    %pad/s 45;
    %muli 64, 0, 45;
    %pad/s 46;
    %load/vec4 v000002300a31e020_0;
    %pad/s 46;
    %add;
    %ix/vec4/s 3;
    %ix/load 4, 0, 0; Constant delay
    %assign/vec4/a/d v000002300a31e0c0, 0, 4;
    %load/vec4 v000002300a31e020_0;
    %addi 1, 0, 32;
    %store/vec4 v000002300a31e020_0, 0, 32;
    %jmp T_3.4;
T_3.5 ;
    %load/vec4 v000002300a31dda0_0;
    %addi 1, 0, 32;
    %store/vec4 v000002300a31dda0_0, 0, 32;
    %jmp T_3.2;
T_3.3 ;
    %jmp T_3.1;
T_3.0 ;
    %load/vec4 v000002300a31eb60_0;
    %flag_set/vec4 8;
    %jmp/0xz  T_3.6, 8;
    %load/vec4 v000002300a31de40_0;
    %load/vec4 v000002300a31e160_0;
    %pad/u 15;
    %pad/u 21;
    %muli 64, 0, 21;
    %pad/u 22;
    %load/vec4 v000002300a31e340_0;
    %pad/u 8;
    %pad/u 22;
    %add;
    %ix/vec4 3;
    %ix/load 4, 0, 0; Constant delay
    %assign/vec4/a/d v000002300a31e0c0, 0, 4;
T_3.6 ;
    %load/vec4 v000002300a31d3a0_0;
    %flag_set/vec4 8;
    %jmp/0xz  T_3.8, 8;
    %load/vec4 v000002300a31d800_0;
    %pad/u 15;
    %pad/u 21;
    %muli 64, 0, 21;
    %pad/u 22;
    %load/vec4 v000002300a31db20_0;
    %pad/u 8;
    %pad/u 22;
    %add;
    %ix/vec4 4;
    %load/vec4a v000002300a31e0c0, 4;
    %assign/vec4 v000002300a31ede0_0, 0;
T_3.8 ;
    %load/vec4 v000002300a31eac0_0;
    %flag_set/vec4 8;
    %jmp/0xz  T_3.10, 8;
    %fork t_1, S_000002300a26cfc0;
    %jmp t_0;
    .scope S_000002300a26cfc0;
t_1 ;
    %vpi_func 6 33 "$fopen" 32, "framebuffer_dump.hex", "w" {0 0 0};
    %store/vec4 v000002300a31c010_0, 0, 32;
    %pushi/vec4 0, 0, 32;
    %store/vec4 v000002300a31dda0_0, 0, 32;
T_3.12 ;
    %load/vec4 v000002300a31dda0_0;
    %cmpi/s 64, 0, 32;
    %jmp/0xz T_3.13, 5;
    %pushi/vec4 0, 0, 32;
    %store/vec4 v000002300a31e020_0, 0, 32;
T_3.14 ;
    %load/vec4 v000002300a31e020_0;
    %cmpi/s 64, 0, 32;
    %jmp/0xz T_3.15, 5;
    %load/vec4 v000002300a31dda0_0;
    %pad/s 39;
    %pad/s 45;
    %muli 64, 0, 45;
    %pad/s 46;
    %load/vec4 v000002300a31e020_0;
    %pad/s 46;
    %add;
    %ix/vec4/s 4;
    %load/vec4a v000002300a31e0c0, 4;
    %vpi_call/w 6 36 "$fwrite", v000002300a31c010_0, "%02h\012", S<0,vec4,u8> {1 0 0};
    %load/vec4 v000002300a31e020_0;
    %addi 1, 0, 32;
    %store/vec4 v000002300a31e020_0, 0, 32;
    %jmp T_3.14;
T_3.15 ;
    %load/vec4 v000002300a31dda0_0;
    %addi 1, 0, 32;
    %store/vec4 v000002300a31dda0_0, 0, 32;
    %jmp T_3.12;
T_3.13 ;
    %vpi_call/w 6 37 "$fclose", v000002300a31c010_0 {0 0 0};
    %end;
    .scope S_000002300a23db40;
t_0 %join;
T_3.10 ;
T_3.1 ;
    %jmp T_3;
    .thread T_3;
    .scope S_000002300a253220;
T_4 ;
    %pushi/vec4 0, 0, 1;
    %store/vec4 v000002300a327210_0, 0, 1;
T_4.0 ;
    %delay 5000, 0;
    %load/vec4 v000002300a327210_0;
    %inv;
    %store/vec4 v000002300a327210_0, 0, 1;
    %jmp T_4.0;
    %end;
    .thread T_4;
    .scope S_000002300a253220;
T_5 ;
    %pushi/vec4 1, 0, 1;
    %store/vec4 v000002300a327850_0, 0, 1;
    %pushi/vec4 0, 0, 1;
    %store/vec4 v000002300a327df0_0, 0, 1;
    %pushi/vec4 0, 0, 1;
    %store/vec4 v000002300a327170_0, 0, 1;
    %delay 20000, 0;
    %pushi/vec4 0, 0, 1;
    %store/vec4 v000002300a327850_0, 0, 1;
    %pushi/vec4 10, 0, 16;
    %store/vec4 v000002300a327e90_0, 0, 16;
    %pushi/vec4 10, 0, 16;
    %store/vec4 v000002300a328f70_0, 0, 16;
    %pushi/vec4 30, 0, 16;
    %store/vec4 v000002300a3287f0_0, 0, 16;
    %pushi/vec4 10, 0, 16;
    %store/vec4 v000002300a327350_0, 0, 16;
    %pushi/vec4 20, 0, 16;
    %store/vec4 v000002300a328430_0, 0, 16;
    %pushi/vec4 30, 0, 16;
    %store/vec4 v000002300a3284d0_0, 0, 16;
    %pushi/vec4 255, 0, 8;
    %store/vec4 v000002300a3289d0_0, 0, 8;
    %pushi/vec4 100, 0, 16;
    %store/vec4 v000002300a327490_0, 0, 16;
    %delay 20000, 0;
    %pushi/vec4 1, 0, 1;
    %store/vec4 v000002300a327df0_0, 0, 1;
    %delay 10000, 0;
    %pushi/vec4 0, 0, 1;
    %store/vec4 v000002300a327df0_0, 0, 1;
    %delay 5000000, 0;
    %pushi/vec4 1, 0, 1;
    %store/vec4 v000002300a327170_0, 0, 1;
    %delay 10000, 0;
    %pushi/vec4 0, 0, 1;
    %store/vec4 v000002300a327170_0, 0, 1;
    %delay 100000, 0;
    %vpi_call/w 3 63 "$finish" {0 0 0};
    %end;
    .thread T_5;
    .scope S_000002300a253220;
T_6 ;
    %vpi_call/w 3 68 "$dumpfile", "gpu_top.vcd" {0 0 0};
    %vpi_call/w 3 69 "$dumpvars", 32'sb00000000000000000000000000000000, S_000002300a253220 {0 0 0};
    %end;
    .thread T_6;
# The file index is used to find the file name in the following table.
:file_names 11;
    "N/A";
    "<interactive>";
    "-";
    "tb_gpu_top.v";
    "gpu_top.v";
    "tile_binner.v";
    "framebuffer.v";
    "output_merger.v";
    "tile_rasterizer.v";
    "edge_function.v";
    "zbuffer.v";
