#! /c/Source/iverilog-install/bin/vvp
:ivl_version "12.0 (devel)" "(s20150603-1539-g2693dd32b)";
:ivl_delay_selection "TYPICAL";
:vpi_time_precision - 12;
:vpi_module "C:\iverilog\lib\ivl\system.vpi";
:vpi_module "C:\iverilog\lib\ivl\vhdl_sys.vpi";
:vpi_module "C:\iverilog\lib\ivl\vhdl_textio.vpi";
:vpi_module "C:\iverilog\lib\ivl\v2005_math.vpi";
:vpi_module "C:\iverilog\lib\ivl\va_math.vpi";
:vpi_module "C:\iverilog\lib\ivl\v2009.vpi";
S_00000223b8370190 .scope package, "$unit" "$unit" 2 1;
 .timescale 0 0;
S_00000223b836f5d0 .scope module, "tb_output_merger" "tb_output_merger" 3 3;
 .timescale -9 -12;
v00000223b83dff70_0 .var "clk", 0 0;
v00000223b83e05b0 .array "fake_zbuf", 4095 0, 15 0;
v00000223b83dfb10_0 .net "fb_write_color", 7 0, v00000223b836f8f0_0;  1 drivers
v00000223b83e0010_0 .net "fb_write_en", 0 0, v00000223b838c660_0;  1 drivers
v00000223b83dfbb0_0 .net "fb_write_x", 5 0, v00000223b837d7c0_0;  1 drivers
v00000223b83e01f0_0 .net "fb_write_y", 5 0, v00000223b837d860_0;  1 drivers
v00000223b83e0650_0 .var/i "i", 31 0;
v00000223b83dfc50_0 .var/i "j", 31 0;
v00000223b83e0330_0 .var "pixel_color_in", 7 0;
v00000223b83e0790_0 .var "pixel_depth_in", 15 0;
v00000223b83dfcf0_0 .var "pixel_valid_in", 0 0;
v00000223b83e0290_0 .var "pixel_x", 5 0;
v00000223b83e03d0_0 .var "pixel_y", 5 0;
v00000223b83e0830_0 .var "rst", 0 0;
v00000223b83df930_0 .net "zbuf_depth_in", 15 0, v00000223b83dfe30_0;  1 drivers
v00000223b83e1b60_0 .var "zbuf_depth_out", 15 0;
v00000223b83e1ca0_0 .net "zbuf_read_en", 0 0, v00000223b83dfa70_0;  1 drivers
v00000223b83e1ac0_0 .net "zbuf_read_x", 5 0, v00000223b83dfed0_0;  1 drivers
v00000223b83e1c00_0 .net "zbuf_read_y", 5 0, v00000223b83df9d0_0;  1 drivers
v00000223b83e1d40_0 .net "zbuf_write_en", 0 0, v00000223b83e0150_0;  1 drivers
v00000223b83e0940_0 .net "zbuf_write_x", 5 0, v00000223b83e06f0_0;  1 drivers
v00000223b83e0e40_0 .net "zbuf_write_y", 5 0, v00000223b83e00b0_0;  1 drivers
S_00000223b836f760 .scope module, "dut" "output_merger" 3 25, 4 1 0, S_00000223b836f5d0;
 .timescale 0 0;
    .port_info 0 /INPUT 1 "clk";
    .port_info 1 /INPUT 1 "rst";
    .port_info 2 /INPUT 1 "pixel_valid_in";
    .port_info 3 /INPUT 6 "pixel_x";
    .port_info 4 /INPUT 6 "pixel_y";
    .port_info 5 /INPUT 8 "pixel_color_in";
    .port_info 6 /INPUT 16 "pixel_depth_in";
    .port_info 7 /OUTPUT 1 "zbuf_read_en";
    .port_info 8 /OUTPUT 6 "zbuf_read_x";
    .port_info 9 /OUTPUT 6 "zbuf_read_y";
    .port_info 10 /INPUT 16 "zbuf_depth_out";
    .port_info 11 /OUTPUT 1 "zbuf_write_en";
    .port_info 12 /OUTPUT 6 "zbuf_write_x";
    .port_info 13 /OUTPUT 6 "zbuf_write_y";
    .port_info 14 /OUTPUT 16 "zbuf_depth_in";
    .port_info 15 /OUTPUT 1 "fb_write_en";
    .port_info 16 /OUTPUT 6 "fb_write_x";
    .port_info 17 /OUTPUT 6 "fb_write_y";
    .port_info 18 /OUTPUT 8 "fb_write_color";
v00000223b832eab0_0 .net "clk", 0 0, v00000223b83dff70_0;  1 drivers
v00000223b836f8f0_0 .var "fb_write_color", 7 0;
v00000223b838c660_0 .var "fb_write_en", 0 0;
v00000223b837d7c0_0 .var "fb_write_x", 5 0;
v00000223b837d860_0 .var "fb_write_y", 5 0;
v00000223b837d900_0 .net "pixel_color_in", 7 0, v00000223b83e0330_0;  1 drivers
v00000223b837d9a0_0 .net "pixel_depth_in", 15 0, v00000223b83e0790_0;  1 drivers
v00000223b837da40_0 .net "pixel_valid_in", 0 0, v00000223b83dfcf0_0;  1 drivers
v00000223b8342ce0_0 .net "pixel_x", 5 0, v00000223b83e0290_0;  1 drivers
v00000223b8342d80_0 .net "pixel_y", 5 0, v00000223b83e03d0_0;  1 drivers
v00000223b8342e20_0 .net "rst", 0 0, v00000223b83e0830_0;  1 drivers
v00000223b8342ec0_0 .var "s1_color", 7 0;
v00000223b8342f60_0 .var "s1_depth", 15 0;
v00000223b8343000_0 .var "s1_valid", 0 0;
v00000223b83430a0_0 .var "s1_x", 5 0;
v00000223b83dfd90_0 .var "s1_y", 5 0;
v00000223b83dfe30_0 .var "zbuf_depth_in", 15 0;
v00000223b83e0470_0 .net "zbuf_depth_out", 15 0, v00000223b83e1b60_0;  1 drivers
v00000223b83dfa70_0 .var "zbuf_read_en", 0 0;
v00000223b83dfed0_0 .var "zbuf_read_x", 5 0;
v00000223b83df9d0_0 .var "zbuf_read_y", 5 0;
v00000223b83e0150_0 .var "zbuf_write_en", 0 0;
v00000223b83e06f0_0 .var "zbuf_write_x", 5 0;
v00000223b83e00b0_0 .var "zbuf_write_y", 5 0;
E_00000223b83714b0 .event posedge, v00000223b832eab0_0;
    .scope S_00000223b836f760;
T_0 ;
    %wait E_00000223b83714b0;
    %load/vec4 v00000223b8342e20_0;
    %flag_set/vec4 8;
    %jmp/0xz  T_0.0, 8;
    %pushi/vec4 0, 0, 1;
    %assign/vec4 v00000223b83dfa70_0, 0;
    %pushi/vec4 0, 0, 1;
    %assign/vec4 v00000223b83e0150_0, 0;
    %pushi/vec4 0, 0, 1;
    %assign/vec4 v00000223b838c660_0, 0;
    %pushi/vec4 0, 0, 1;
    %assign/vec4 v00000223b8343000_0, 0;
    %jmp T_0.1;
T_0.0 ;
    %pushi/vec4 0, 0, 1;
    %assign/vec4 v00000223b83e0150_0, 0;
    %pushi/vec4 0, 0, 1;
    %assign/vec4 v00000223b838c660_0, 0;
    %load/vec4 v00000223b837da40_0;
    %assign/vec4 v00000223b83dfa70_0, 0;
    %load/vec4 v00000223b8342ce0_0;
    %assign/vec4 v00000223b83dfed0_0, 0;
    %load/vec4 v00000223b8342d80_0;
    %assign/vec4 v00000223b83df9d0_0, 0;
    %load/vec4 v00000223b837da40_0;
    %assign/vec4 v00000223b8343000_0, 0;
    %load/vec4 v00000223b8342ce0_0;
    %assign/vec4 v00000223b83430a0_0, 0;
    %load/vec4 v00000223b8342d80_0;
    %assign/vec4 v00000223b83dfd90_0, 0;
    %load/vec4 v00000223b837d900_0;
    %assign/vec4 v00000223b8342ec0_0, 0;
    %load/vec4 v00000223b837d9a0_0;
    %assign/vec4 v00000223b8342f60_0, 0;
    %load/vec4 v00000223b8343000_0;
    %flag_set/vec4 8;
    %jmp/0xz  T_0.2, 8;
    %load/vec4 v00000223b8342f60_0;
    %load/vec4 v00000223b83e0470_0;
    %cmp/u;
    %jmp/0xz  T_0.4, 5;
    %pushi/vec4 1, 0, 1;
    %assign/vec4 v00000223b83e0150_0, 0;
    %load/vec4 v00000223b83430a0_0;
    %assign/vec4 v00000223b83e06f0_0, 0;
    %load/vec4 v00000223b83dfd90_0;
    %assign/vec4 v00000223b83e00b0_0, 0;
    %load/vec4 v00000223b8342f60_0;
    %assign/vec4 v00000223b83dfe30_0, 0;
    %pushi/vec4 1, 0, 1;
    %assign/vec4 v00000223b838c660_0, 0;
    %load/vec4 v00000223b83430a0_0;
    %assign/vec4 v00000223b837d7c0_0, 0;
    %load/vec4 v00000223b83dfd90_0;
    %assign/vec4 v00000223b837d860_0, 0;
    %load/vec4 v00000223b8342ec0_0;
    %assign/vec4 v00000223b836f8f0_0, 0;
T_0.4 ;
T_0.2 ;
T_0.1 ;
    %jmp T_0;
    .thread T_0;
    .scope S_00000223b836f5d0;
T_1 ;
    %delay 5000, 0;
    %load/vec4 v00000223b83dff70_0;
    %inv;
    %store/vec4 v00000223b83dff70_0, 0, 1;
    %jmp T_1;
    .thread T_1;
    .scope S_00000223b836f5d0;
T_2 ;
    %wait E_00000223b83714b0;
    %load/vec4 v00000223b83e0830_0;
    %flag_set/vec4 8;
    %jmp/0xz  T_2.0, 8;
    %pushi/vec4 0, 0, 32;
    %store/vec4 v00000223b83e0650_0, 0, 32;
T_2.2 ;
    %load/vec4 v00000223b83e0650_0;
    %cmpi/s 64, 0, 32;
    %jmp/0xz T_2.3, 5;
    %pushi/vec4 0, 0, 32;
    %store/vec4 v00000223b83dfc50_0, 0, 32;
T_2.4 ;
    %load/vec4 v00000223b83dfc50_0;
    %cmpi/s 64, 0, 32;
    %jmp/0xz T_2.5, 5;
    %pushi/vec4 65535, 0, 16;
    %load/vec4 v00000223b83e0650_0;
    %pad/s 39;
    %pad/s 45;
    %muli 64, 0, 45;
    %pad/s 46;
    %load/vec4 v00000223b83dfc50_0;
    %pad/s 46;
    %add;
    %ix/vec4/s 3;
    %ix/load 4, 0, 0; Constant delay
    %assign/vec4/a/d v00000223b83e05b0, 0, 4;
    %load/vec4 v00000223b83dfc50_0;
    %addi 1, 0, 32;
    %store/vec4 v00000223b83dfc50_0, 0, 32;
    %jmp T_2.4;
T_2.5 ;
    %load/vec4 v00000223b83e0650_0;
    %addi 1, 0, 32;
    %store/vec4 v00000223b83e0650_0, 0, 32;
    %jmp T_2.2;
T_2.3 ;
    %pushi/vec4 65535, 0, 16;
    %assign/vec4 v00000223b83e1b60_0, 0;
    %jmp T_2.1;
T_2.0 ;
    %load/vec4 v00000223b83e1ca0_0;
    %flag_set/vec4 8;
    %jmp/0xz  T_2.6, 8;
    %load/vec4 v00000223b83e1c00_0;
    %pad/u 15;
    %pad/u 21;
    %muli 64, 0, 21;
    %pad/u 22;
    %load/vec4 v00000223b83e1ac0_0;
    %pad/u 8;
    %pad/u 22;
    %add;
    %ix/vec4 4;
    %load/vec4a v00000223b83e05b0, 4;
    %assign/vec4 v00000223b83e1b60_0, 0;
T_2.6 ;
    %load/vec4 v00000223b83e1d40_0;
    %flag_set/vec4 8;
    %jmp/0xz  T_2.8, 8;
    %load/vec4 v00000223b83df930_0;
    %load/vec4 v00000223b83e0e40_0;
    %pad/u 15;
    %pad/u 21;
    %muli 64, 0, 21;
    %pad/u 22;
    %load/vec4 v00000223b83e0940_0;
    %pad/u 8;
    %pad/u 22;
    %add;
    %ix/vec4 3;
    %ix/load 4, 0, 0; Constant delay
    %assign/vec4/a/d v00000223b83e05b0, 0, 4;
T_2.8 ;
T_2.1 ;
    %jmp T_2;
    .thread T_2;
    .scope S_00000223b836f5d0;
T_3 ;
    %pushi/vec4 0, 0, 1;
    %store/vec4 v00000223b83dff70_0, 0, 1;
    %pushi/vec4 1, 0, 1;
    %store/vec4 v00000223b83e0830_0, 0, 1;
    %pushi/vec4 0, 0, 1;
    %store/vec4 v00000223b83dfcf0_0, 0, 1;
    %pushi/vec4 0, 0, 6;
    %store/vec4 v00000223b83e0290_0, 0, 6;
    %pushi/vec4 0, 0, 6;
    %store/vec4 v00000223b83e03d0_0, 0, 6;
    %pushi/vec4 0, 0, 8;
    %store/vec4 v00000223b83e0330_0, 0, 8;
    %pushi/vec4 0, 0, 16;
    %store/vec4 v00000223b83e0790_0, 0, 16;
    %pushi/vec4 2, 0, 32;
T_3.0 %dup/vec4;
    %pushi/vec4 0, 0, 32;
    %cmp/s;
    %jmp/1xz T_3.1, 5;
    %jmp/1 T_3.1, 4;
    %pushi/vec4 1, 0, 32;
    %sub;
    %wait E_00000223b83714b0;
    %jmp T_3.0;
T_3.1 ;
    %pop/vec4 1;
    %pushi/vec4 0, 0, 1;
    %store/vec4 v00000223b83e0830_0, 0, 1;
    %wait E_00000223b83714b0;
    %pushi/vec4 1, 0, 1;
    %assign/vec4 v00000223b83dfcf0_0, 0;
    %pushi/vec4 10, 0, 6;
    %assign/vec4 v00000223b83e0290_0, 0;
    %pushi/vec4 10, 0, 6;
    %assign/vec4 v00000223b83e03d0_0, 0;
    %pushi/vec4 17, 0, 8;
    %assign/vec4 v00000223b83e0330_0, 0;
    %pushi/vec4 100, 0, 16;
    %assign/vec4 v00000223b83e0790_0, 0;
    %wait E_00000223b83714b0;
    %pushi/vec4 0, 0, 1;
    %assign/vec4 v00000223b83dfcf0_0, 0;
    %pushi/vec4 2, 0, 32;
T_3.2 %dup/vec4;
    %pushi/vec4 0, 0, 32;
    %cmp/s;
    %jmp/1xz T_3.3, 5;
    %jmp/1 T_3.3, 4;
    %pushi/vec4 1, 0, 32;
    %sub;
    %wait E_00000223b83714b0;
    %jmp T_3.2;
T_3.3 ;
    %pop/vec4 1;
    %load/vec4 v00000223b83e0010_0;
    %flag_set/vec4 9;
    %flag_get/vec4 9;
    %jmp/0 T_3.6, 9;
    %load/vec4 v00000223b83e1d40_0;
    %and;
T_3.6;
    %flag_set/vec4 8;
    %jmp/0xz  T_3.4, 8;
    %vpi_call/w 3 95 "$display", "PASS: first fragment accepted" {0 0 0};
    %jmp T_3.5;
T_3.4 ;
    %vpi_call/w 3 97 "$display", "FAIL: first fragment rejected" {0 0 0};
T_3.5 ;
    %wait E_00000223b83714b0;
    %pushi/vec4 1, 0, 1;
    %assign/vec4 v00000223b83dfcf0_0, 0;
    %pushi/vec4 10, 0, 6;
    %assign/vec4 v00000223b83e0290_0, 0;
    %pushi/vec4 10, 0, 6;
    %assign/vec4 v00000223b83e03d0_0, 0;
    %pushi/vec4 34, 0, 8;
    %assign/vec4 v00000223b83e0330_0, 0;
    %pushi/vec4 200, 0, 16;
    %assign/vec4 v00000223b83e0790_0, 0;
    %wait E_00000223b83714b0;
    %pushi/vec4 0, 0, 1;
    %assign/vec4 v00000223b83dfcf0_0, 0;
    %pushi/vec4 2, 0, 32;
T_3.7 %dup/vec4;
    %pushi/vec4 0, 0, 32;
    %cmp/s;
    %jmp/1xz T_3.8, 5;
    %jmp/1 T_3.8, 4;
    %pushi/vec4 1, 0, 32;
    %sub;
    %wait E_00000223b83714b0;
    %jmp T_3.7;
T_3.8 ;
    %pop/vec4 1;
    %load/vec4 v00000223b83e0010_0;
    %nor/r;
    %flag_set/vec4 9;
    %flag_get/vec4 9;
    %jmp/0 T_3.11, 9;
    %load/vec4 v00000223b83e1d40_0;
    %nor/r;
    %and;
T_3.11;
    %flag_set/vec4 8;
    %jmp/0xz  T_3.9, 8;
    %vpi_call/w 3 112 "$display", "PASS: farther fragment rejected" {0 0 0};
    %jmp T_3.10;
T_3.9 ;
    %vpi_call/w 3 114 "$display", "FAIL: farther fragment incorrectly accepted" {0 0 0};
T_3.10 ;
    %wait E_00000223b83714b0;
    %pushi/vec4 1, 0, 1;
    %assign/vec4 v00000223b83dfcf0_0, 0;
    %pushi/vec4 10, 0, 6;
    %assign/vec4 v00000223b83e0290_0, 0;
    %pushi/vec4 10, 0, 6;
    %assign/vec4 v00000223b83e03d0_0, 0;
    %pushi/vec4 51, 0, 8;
    %assign/vec4 v00000223b83e0330_0, 0;
    %pushi/vec4 50, 0, 16;
    %assign/vec4 v00000223b83e0790_0, 0;
    %wait E_00000223b83714b0;
    %pushi/vec4 0, 0, 1;
    %assign/vec4 v00000223b83dfcf0_0, 0;
    %pushi/vec4 2, 0, 32;
T_3.12 %dup/vec4;
    %pushi/vec4 0, 0, 32;
    %cmp/s;
    %jmp/1xz T_3.13, 5;
    %jmp/1 T_3.13, 4;
    %pushi/vec4 1, 0, 32;
    %sub;
    %wait E_00000223b83714b0;
    %jmp T_3.12;
T_3.13 ;
    %pop/vec4 1;
    %load/vec4 v00000223b83e0010_0;
    %flag_set/vec4 11;
    %flag_get/vec4 11;
    %jmp/0 T_3.18, 11;
    %load/vec4 v00000223b83e1d40_0;
    %and;
T_3.18;
    %flag_set/vec4 10;
    %flag_get/vec4 10;
    %jmp/0 T_3.17, 10;
    %load/vec4 v00000223b83dfb10_0;
    %pushi/vec4 51, 0, 8;
    %cmp/e;
    %flag_get/vec4 4;
    %and;
T_3.17;
    %flag_set/vec4 9;
    %flag_get/vec4 9;
    %jmp/0 T_3.16, 9;
    %load/vec4 v00000223b83df930_0;
    %pushi/vec4 50, 0, 16;
    %cmp/e;
    %flag_get/vec4 4;
    %and;
T_3.16;
    %flag_set/vec4 8;
    %jmp/0xz  T_3.14, 8;
    %vpi_call/w 3 131 "$display", "PASS: closer fragment accepted" {0 0 0};
    %jmp T_3.15;
T_3.14 ;
    %vpi_call/w 3 133 "$display", "FAIL: closer fragment not accepted" {0 0 0};
T_3.15 ;
    %delay 20000, 0;
    %ix/load 4, 650, 0;
    %flag_set/imm 4, 0;
    %load/vec4a v00000223b83e05b0, 4;
    %cmpi/e 50, 0, 16;
    %jmp/0xz  T_3.19, 4;
    %vpi_call/w 3 138 "$display", "PASS: final depth = 50" {0 0 0};
    %jmp T_3.20;
T_3.19 ;
    %vpi_call/w 3 140 "$display", "FAIL: final depth = %d", &A<v00000223b83e05b0, 650> {0 0 0};
T_3.20 ;
    %vpi_call/w 3 142 "$finish" {0 0 0};
    %end;
    .thread T_3;
# The file index is used to find the file name in the following table.
:file_names 5;
    "N/A";
    "<interactive>";
    "-";
    "tb_outputmerger.v";
    "output_merger.v";
