#! /c/Source/iverilog-install/bin/vvp
:ivl_version "12.0 (devel)" "(s20150603-1539-g2693dd32b)";
:ivl_delay_selection "TYPICAL";
:vpi_time_precision - 12;
:vpi_module "C:\iverilog\lib\ivl\system.vpi";
:vpi_module "C:\iverilog\lib\ivl\vhdl_sys.vpi";
:vpi_module "C:\iverilog\lib\ivl\vhdl_textio.vpi";
:vpi_module "C:\iverilog\lib\ivl\v2005_math.vpi";
:vpi_module "C:\iverilog\lib\ivl\va_math.vpi";
S_0000023e2aa3ea60 .scope module, "edge_function_tb" "edge_function_tb" 2 4;
 .timescale -9 -12;
P_0000023e2aa1fab0 .param/l "V0X" 1 2 7, +C4<0000000000000010>;
P_0000023e2aa1fae8 .param/l "V0Y" 1 2 7, +C4<0000000000000010>;
P_0000023e2aa1fb20 .param/l "V1X" 1 2 8, +C4<0000000000001000>;
P_0000023e2aa1fb58 .param/l "V1Y" 1 2 8, +C4<0000000000000010>;
P_0000023e2aa1fb90 .param/l "V2X" 1 2 9, +C4<0000000000000101>;
P_0000023e2aa1fbc8 .param/l "V2Y" 1 2 9, +C4<0000000000000111>;
L_0000023e2aa27a80 .functor AND 1, L_0000023e2aa97c20, L_0000023e2aa97720, C4<1>, C4<1>;
L_0000023e2aa27770 .functor AND 1, L_0000023e2aa27a80, L_0000023e2aaaa570, C4<1>, C4<1>;
v0000023e2aa94500_0 .net *"_ivl_0", 0 0, L_0000023e2aa27a80;  1 drivers
v0000023e2aa94a00_0 .var/i "fail_count", 31 0;
v0000023e2aa94320_0 .net "inside_flag_e0", 0 0, L_0000023e2aa97c20;  1 drivers
v0000023e2aa93a60_0 .net "inside_flag_e1", 0 0, L_0000023e2aa97720;  1 drivers
v0000023e2aa943c0_0 .net "inside_flag_e2", 0 0, L_0000023e2aaaa570;  1 drivers
v0000023e2aa93c40_0 .net "inside_triangle", 0 0, L_0000023e2aa27770;  1 drivers
v0000023e2aa94820_0 .var/i "pass_count", 31 0;
v0000023e2aa94aa0_0 .var/s "px", 15 0;
v0000023e2aa95400_0 .var/s "py", 15 0;
v0000023e2aa941e0_0 .net/s "result_e0", 32 0, L_0000023e2aa979a0;  1 drivers
v0000023e2aa93ba0_0 .net/s "result_e1", 32 0, L_0000023e2aa96820;  1 drivers
v0000023e2aa93ce0_0 .net/s "result_e2", 32 0, L_0000023e2aaaaa70;  1 drivers
S_0000023e2aa1fc10 .scope task, "check" "check" 2 50, 2 50 0, S_0000023e2aa3ea60;
 .timescale -9 -12;
v0000023e2aa2e5d0_0 .var "expected_inside", 0 0;
v0000023e2aa2dbd0_0 .var "label", 127 0;
v0000023e2aa2e0d0_0 .var/s "test_px", 15 0;
v0000023e2aa2e030_0 .var/s "test_py", 15 0;
TD_edge_function_tb.check ;
    %load/vec4 v0000023e2aa2e0d0_0;
    %store/vec4 v0000023e2aa94aa0_0, 0, 16;
    %load/vec4 v0000023e2aa2e030_0;
    %store/vec4 v0000023e2aa95400_0, 0, 16;
    %delay 1000, 0;
    %load/vec4 v0000023e2aa93c40_0;
    %load/vec4 v0000023e2aa2e5d0_0;
    %cmp/e;
    %jmp/0xz  T_0.0, 6;
    %vpi_call 2 60 "$display", "PASS | %s | px=%0d py=%0d | inside=%b (expected %b) | e0=%0d e1=%0d e2=%0d", v0000023e2aa2dbd0_0, v0000023e2aa2e0d0_0, v0000023e2aa2e030_0, v0000023e2aa93c40_0, v0000023e2aa2e5d0_0, v0000023e2aa941e0_0, v0000023e2aa93ba0_0, v0000023e2aa93ce0_0 {0 0 0};
    %load/vec4 v0000023e2aa94820_0;
    %addi 1, 0, 32;
    %store/vec4 v0000023e2aa94820_0, 0, 32;
    %jmp T_0.1;
T_0.0 ;
    %vpi_call 2 65 "$display", "FAIL | %s | px=%0d py=%0d | inside=%b (expected %b) | e0=%0d e1=%0d e2=%0d", v0000023e2aa2dbd0_0, v0000023e2aa2e0d0_0, v0000023e2aa2e030_0, v0000023e2aa93c40_0, v0000023e2aa2e5d0_0, v0000023e2aa941e0_0, v0000023e2aa93ba0_0, v0000023e2aa93ce0_0 {0 0 0};
    %load/vec4 v0000023e2aa94a00_0;
    %addi 1, 0, 32;
    %store/vec4 v0000023e2aa94a00_0, 0, 32;
T_0.1 ;
    %end;
S_0000023e2aa1fda0 .scope module, "edge0" "edge_function" 2 18, 3 2 0, S_0000023e2aa3ea60;
 .timescale -9 -12;
    .port_info 0 /INPUT 16 "x0";
    .port_info 1 /INPUT 16 "y0";
    .port_info 2 /INPUT 16 "x1";
    .port_info 3 /INPUT 16 "y1";
    .port_info 4 /INPUT 16 "px";
    .port_info 5 /INPUT 16 "py";
    .port_info 6 /OUTPUT 33 "result";
    .port_info 7 /OUTPUT 1 "inside_flag";
P_0000023e2a9e2c50 .param/l "COORD_BITS" 0 3 3, +C4<00000000000000000000000000010000>;
P_0000023e2a9e2c88 .param/l "RESULT_BITS" 0 3 4, +C4<00000000000000000000000000100001>;
v0000023e2aa2ddb0_0 .net/s *"_ivl_0", 16 0, L_0000023e2aa93d80;  1 drivers
v0000023e2aa2e7b0_0 .net/s *"_ivl_12", 16 0, L_0000023e2aa97f40;  1 drivers
v0000023e2aa2e2b0_0 .net/s *"_ivl_14", 16 0, L_0000023e2aa977c0;  1 drivers
v0000023e2aa2e850_0 .net/s *"_ivl_18", 16 0, L_0000023e2aa97a40;  1 drivers
v0000023e2aa2e990_0 .net/s *"_ivl_2", 16 0, L_0000023e2aa93ec0;  1 drivers
v0000023e2aa2def0_0 .net/s *"_ivl_20", 16 0, L_0000023e2aa97900;  1 drivers
v0000023e2aa2e350_0 .net/s *"_ivl_24", 32 0, L_0000023e2aa96c80;  1 drivers
v0000023e2aa2e490_0 .net/s *"_ivl_26", 32 0, L_0000023e2aa975e0;  1 drivers
v0000023e2aa2e530_0 .net/s *"_ivl_29", 32 0, L_0000023e2aa96140;  1 drivers
v0000023e2aa90430_0 .net/s *"_ivl_30", 32 0, L_0000023e2aa966e0;  1 drivers
v0000023e2aa8fc10_0 .net/s *"_ivl_32", 32 0, L_0000023e2aa974a0;  1 drivers
v0000023e2aa90610_0 .net/s *"_ivl_35", 32 0, L_0000023e2aa970e0;  1 drivers
L_0000023e2aad0088 .functor BUFT 1, C4<000000000000000000000000000000000>, C4<0>, C4<0>, C4<0>;
v0000023e2aa8fcb0_0 .net/2s *"_ivl_40", 32 0, L_0000023e2aad0088;  1 drivers
v0000023e2aa90d90_0 .net *"_ivl_42", 0 0, L_0000023e2aa97ea0;  1 drivers
L_0000023e2aad00d0 .functor BUFT 1, C4<000000000000000000000000000000000>, C4<0>, C4<0>, C4<0>;
v0000023e2aa8f8f0_0 .net/2s *"_ivl_44", 32 0, L_0000023e2aad00d0;  1 drivers
v0000023e2aa906b0_0 .net *"_ivl_46", 0 0, L_0000023e2aa96b40;  1 drivers
v0000023e2aa904d0_0 .net/s *"_ivl_6", 16 0, L_0000023e2aa93f60;  1 drivers
v0000023e2aa90cf0_0 .net/s *"_ivl_8", 16 0, L_0000023e2aa97ae0;  1 drivers
v0000023e2aa8fd50_0 .net/s "dx", 16 0, L_0000023e2aa94280;  1 drivers
v0000023e2aa90e30_0 .net/s "dy", 16 0, L_0000023e2aa97860;  1 drivers
v0000023e2aa90110_0 .net/s "ex", 16 0, L_0000023e2aa96dc0;  1 drivers
v0000023e2aa902f0_0 .net/s "ey", 16 0, L_0000023e2aa96500;  1 drivers
v0000023e2aa911f0_0 .net "inside_flag", 0 0, L_0000023e2aa97c20;  alias, 1 drivers
v0000023e2aa8fb70_0 .net "is_horizontal", 0 0, L_0000023e2aa97b80;  1 drivers
v0000023e2aa8fe90_0 .net/s "px", 15 0, v0000023e2aa94aa0_0;  1 drivers
v0000023e2aa90a70_0 .net/s "py", 15 0, v0000023e2aa95400_0;  1 drivers
v0000023e2aa90ed0_0 .net/s "result", 32 0, L_0000023e2aa979a0;  alias, 1 drivers
L_0000023e2aad0118 .functor BUFT 1, C4<0000000000000010>, C4<0>, C4<0>, C4<0>;
v0000023e2aa91650_0 .net/s "x0", 15 0, L_0000023e2aad0118;  1 drivers
L_0000023e2aad01a8 .functor BUFT 1, C4<0000000000001000>, C4<0>, C4<0>, C4<0>;
v0000023e2aa90930_0 .net/s "x1", 15 0, L_0000023e2aad01a8;  1 drivers
L_0000023e2aad0160 .functor BUFT 1, C4<0000000000000010>, C4<0>, C4<0>, C4<0>;
v0000023e2aa91330_0 .net/s "y0", 15 0, L_0000023e2aad0160;  1 drivers
L_0000023e2aad01f0 .functor BUFT 1, C4<0000000000000010>, C4<0>, C4<0>, C4<0>;
v0000023e2aa913d0_0 .net/s "y1", 15 0, L_0000023e2aad01f0;  1 drivers
L_0000023e2aa93d80 .extend/s 17, v0000023e2aa94aa0_0;
L_0000023e2aa93ec0 .extend/s 17, L_0000023e2aad0118;
L_0000023e2aa94280 .arith/sub 17, L_0000023e2aa93d80, L_0000023e2aa93ec0;
L_0000023e2aa93f60 .extend/s 17, v0000023e2aa95400_0;
L_0000023e2aa97ae0 .extend/s 17, L_0000023e2aad0160;
L_0000023e2aa97860 .arith/sub 17, L_0000023e2aa93f60, L_0000023e2aa97ae0;
L_0000023e2aa97f40 .extend/s 17, L_0000023e2aad01a8;
L_0000023e2aa977c0 .extend/s 17, L_0000023e2aad0118;
L_0000023e2aa96dc0 .arith/sub 17, L_0000023e2aa97f40, L_0000023e2aa977c0;
L_0000023e2aa97a40 .extend/s 17, L_0000023e2aad01f0;
L_0000023e2aa97900 .extend/s 17, L_0000023e2aad0160;
L_0000023e2aa96500 .arith/sub 17, L_0000023e2aa97a40, L_0000023e2aa97900;
L_0000023e2aa96c80 .extend/s 33, L_0000023e2aa94280;
L_0000023e2aa975e0 .extend/s 33, L_0000023e2aa96500;
L_0000023e2aa96140 .arith/mult 33, L_0000023e2aa96c80, L_0000023e2aa975e0;
L_0000023e2aa966e0 .extend/s 33, L_0000023e2aa97860;
L_0000023e2aa974a0 .extend/s 33, L_0000023e2aa96dc0;
L_0000023e2aa970e0 .arith/mult 33, L_0000023e2aa966e0, L_0000023e2aa974a0;
L_0000023e2aa979a0 .arith/sub 33, L_0000023e2aa96140, L_0000023e2aa970e0;
L_0000023e2aa97b80 .cmp/eq 16, L_0000023e2aad01f0, L_0000023e2aad0160;
L_0000023e2aa97ea0 .cmp/gt.s 33, L_0000023e2aad0088, L_0000023e2aa979a0;
L_0000023e2aa96b40 .cmp/ge.s 33, L_0000023e2aad00d0, L_0000023e2aa979a0;
L_0000023e2aa97c20 .functor MUXZ 1, L_0000023e2aa96b40, L_0000023e2aa97ea0, L_0000023e2aa97b80, C4<>;
S_0000023e2aa3c4e0 .scope module, "edge1" "edge_function" 2 29, 3 2 0, S_0000023e2aa3ea60;
 .timescale -9 -12;
    .port_info 0 /INPUT 16 "x0";
    .port_info 1 /INPUT 16 "y0";
    .port_info 2 /INPUT 16 "x1";
    .port_info 3 /INPUT 16 "y1";
    .port_info 4 /INPUT 16 "px";
    .port_info 5 /INPUT 16 "py";
    .port_info 6 /OUTPUT 33 "result";
    .port_info 7 /OUTPUT 1 "inside_flag";
P_0000023e2a9e33d0 .param/l "COORD_BITS" 0 3 3, +C4<00000000000000000000000000010000>;
P_0000023e2a9e3408 .param/l "RESULT_BITS" 0 3 4, +C4<00000000000000000000000000100001>;
v0000023e2aa90570_0 .net/s *"_ivl_0", 16 0, L_0000023e2aa96460;  1 drivers
v0000023e2aa91290_0 .net/s *"_ivl_12", 16 0, L_0000023e2aa96640;  1 drivers
v0000023e2aa8fa30_0 .net/s *"_ivl_14", 16 0, L_0000023e2aa97540;  1 drivers
v0000023e2aa90750_0 .net/s *"_ivl_18", 16 0, L_0000023e2aa97fe0;  1 drivers
v0000023e2aa8fdf0_0 .net/s *"_ivl_2", 16 0, L_0000023e2aa97e00;  1 drivers
v0000023e2aa907f0_0 .net/s *"_ivl_20", 16 0, L_0000023e2aa96780;  1 drivers
v0000023e2aa90890_0 .net/s *"_ivl_24", 32 0, L_0000023e2aa96280;  1 drivers
v0000023e2aa909d0_0 .net/s *"_ivl_26", 32 0, L_0000023e2aa963c0;  1 drivers
v0000023e2aa90bb0_0 .net/s *"_ivl_29", 32 0, L_0000023e2aa97180;  1 drivers
v0000023e2aa8ffd0_0 .net/s *"_ivl_30", 32 0, L_0000023e2aa97360;  1 drivers
v0000023e2aa8fad0_0 .net/s *"_ivl_32", 32 0, L_0000023e2aa965a0;  1 drivers
v0000023e2aa90b10_0 .net/s *"_ivl_35", 32 0, L_0000023e2aa96f00;  1 drivers
L_0000023e2aad0238 .functor BUFT 1, C4<000000000000000000000000000000000>, C4<0>, C4<0>, C4<0>;
v0000023e2aa90c50_0 .net/2s *"_ivl_40", 32 0, L_0000023e2aad0238;  1 drivers
v0000023e2aa90f70_0 .net *"_ivl_42", 0 0, L_0000023e2aa97680;  1 drivers
L_0000023e2aad0280 .functor BUFT 1, C4<000000000000000000000000000000000>, C4<0>, C4<0>, C4<0>;
v0000023e2aa91010_0 .net/2s *"_ivl_44", 32 0, L_0000023e2aad0280;  1 drivers
v0000023e2aa910b0_0 .net *"_ivl_46", 0 0, L_0000023e2aa968c0;  1 drivers
v0000023e2aa8ff30_0 .net/s *"_ivl_6", 16 0, L_0000023e2aa961e0;  1 drivers
v0000023e2aa90390_0 .net/s *"_ivl_8", 16 0, L_0000023e2aa97cc0;  1 drivers
v0000023e2aa91150_0 .net/s "dx", 16 0, L_0000023e2aa96be0;  1 drivers
v0000023e2aa90070_0 .net/s "dy", 16 0, L_0000023e2aa97400;  1 drivers
v0000023e2aa91470_0 .net/s "ex", 16 0, L_0000023e2aa97d60;  1 drivers
v0000023e2aa901b0_0 .net/s "ey", 16 0, L_0000023e2aa96320;  1 drivers
v0000023e2aa90250_0 .net "inside_flag", 0 0, L_0000023e2aa97720;  alias, 1 drivers
v0000023e2aa91510_0 .net "is_horizontal", 0 0, L_0000023e2aa96a00;  1 drivers
v0000023e2aa915b0_0 .net/s "px", 15 0, v0000023e2aa94aa0_0;  alias, 1 drivers
v0000023e2aa916f0_0 .net/s "py", 15 0, v0000023e2aa95400_0;  alias, 1 drivers
v0000023e2aa91790_0 .net/s "result", 32 0, L_0000023e2aa96820;  alias, 1 drivers
L_0000023e2aad02c8 .functor BUFT 1, C4<0000000000001000>, C4<0>, C4<0>, C4<0>;
v0000023e2aa8f990_0 .net/s "x0", 15 0, L_0000023e2aad02c8;  1 drivers
L_0000023e2aad0358 .functor BUFT 1, C4<0000000000000101>, C4<0>, C4<0>, C4<0>;
v0000023e2aa954a0_0 .net/s "x1", 15 0, L_0000023e2aad0358;  1 drivers
L_0000023e2aad0310 .functor BUFT 1, C4<0000000000000010>, C4<0>, C4<0>, C4<0>;
v0000023e2aa93b00_0 .net/s "y0", 15 0, L_0000023e2aad0310;  1 drivers
L_0000023e2aad03a0 .functor BUFT 1, C4<0000000000000111>, C4<0>, C4<0>, C4<0>;
v0000023e2aa95180_0 .net/s "y1", 15 0, L_0000023e2aad03a0;  1 drivers
L_0000023e2aa96460 .extend/s 17, v0000023e2aa94aa0_0;
L_0000023e2aa97e00 .extend/s 17, L_0000023e2aad02c8;
L_0000023e2aa96be0 .arith/sub 17, L_0000023e2aa96460, L_0000023e2aa97e00;
L_0000023e2aa961e0 .extend/s 17, v0000023e2aa95400_0;
L_0000023e2aa97cc0 .extend/s 17, L_0000023e2aad0310;
L_0000023e2aa97400 .arith/sub 17, L_0000023e2aa961e0, L_0000023e2aa97cc0;
L_0000023e2aa96640 .extend/s 17, L_0000023e2aad0358;
L_0000023e2aa97540 .extend/s 17, L_0000023e2aad02c8;
L_0000023e2aa97d60 .arith/sub 17, L_0000023e2aa96640, L_0000023e2aa97540;
L_0000023e2aa97fe0 .extend/s 17, L_0000023e2aad03a0;
L_0000023e2aa96780 .extend/s 17, L_0000023e2aad0310;
L_0000023e2aa96320 .arith/sub 17, L_0000023e2aa97fe0, L_0000023e2aa96780;
L_0000023e2aa96280 .extend/s 33, L_0000023e2aa96be0;
L_0000023e2aa963c0 .extend/s 33, L_0000023e2aa96320;
L_0000023e2aa97180 .arith/mult 33, L_0000023e2aa96280, L_0000023e2aa963c0;
L_0000023e2aa97360 .extend/s 33, L_0000023e2aa97400;
L_0000023e2aa965a0 .extend/s 33, L_0000023e2aa97d60;
L_0000023e2aa96f00 .arith/mult 33, L_0000023e2aa97360, L_0000023e2aa965a0;
L_0000023e2aa96820 .arith/sub 33, L_0000023e2aa97180, L_0000023e2aa96f00;
L_0000023e2aa96a00 .cmp/eq 16, L_0000023e2aad03a0, L_0000023e2aad0310;
L_0000023e2aa97680 .cmp/gt.s 33, L_0000023e2aad0238, L_0000023e2aa96820;
L_0000023e2aa968c0 .cmp/ge.s 33, L_0000023e2aad0280, L_0000023e2aa96820;
L_0000023e2aa97720 .functor MUXZ 1, L_0000023e2aa968c0, L_0000023e2aa97680, L_0000023e2aa96a00, C4<>;
S_0000023e2aa3c670 .scope module, "edge2" "edge_function" 2 40, 3 2 0, S_0000023e2aa3ea60;
 .timescale -9 -12;
    .port_info 0 /INPUT 16 "x0";
    .port_info 1 /INPUT 16 "y0";
    .port_info 2 /INPUT 16 "x1";
    .port_info 3 /INPUT 16 "y1";
    .port_info 4 /INPUT 16 "px";
    .port_info 5 /INPUT 16 "py";
    .port_info 6 /OUTPUT 33 "result";
    .port_info 7 /OUTPUT 1 "inside_flag";
P_0000023e2aa3ebf0 .param/l "COORD_BITS" 0 3 3, +C4<00000000000000000000000000010000>;
P_0000023e2aa3ec28 .param/l "RESULT_BITS" 0 3 4, +C4<00000000000000000000000000100001>;
v0000023e2aa94460_0 .net/s *"_ivl_0", 16 0, L_0000023e2aa96960;  1 drivers
v0000023e2aa93920_0 .net/s *"_ivl_12", 16 0, L_0000023e2aa97040;  1 drivers
v0000023e2aa94c80_0 .net/s *"_ivl_14", 16 0, L_0000023e2aa972c0;  1 drivers
v0000023e2aa945a0_0 .net/s *"_ivl_18", 16 0, L_0000023e2aaa9df0;  1 drivers
v0000023e2aa94b40_0 .net/s *"_ivl_2", 16 0, L_0000023e2aa96aa0;  1 drivers
v0000023e2aa94be0_0 .net/s *"_ivl_20", 16 0, L_0000023e2aaa9990;  1 drivers
v0000023e2aa950e0_0 .net/s *"_ivl_24", 32 0, L_0000023e2aaa9d50;  1 drivers
v0000023e2aa94640_0 .net/s *"_ivl_26", 32 0, L_0000023e2aaaae30;  1 drivers
v0000023e2aa948c0_0 .net/s *"_ivl_29", 32 0, L_0000023e2aaaa4d0;  1 drivers
v0000023e2aa94d20_0 .net/s *"_ivl_30", 32 0, L_0000023e2aaab010;  1 drivers
v0000023e2aa940a0_0 .net/s *"_ivl_32", 32 0, L_0000023e2aaaa750;  1 drivers
v0000023e2aa94960_0 .net/s *"_ivl_35", 32 0, L_0000023e2aaa9a30;  1 drivers
L_0000023e2aad03e8 .functor BUFT 1, C4<000000000000000000000000000000000>, C4<0>, C4<0>, C4<0>;
v0000023e2aa95540_0 .net/2s *"_ivl_40", 32 0, L_0000023e2aad03e8;  1 drivers
v0000023e2aa95680_0 .net *"_ivl_42", 0 0, L_0000023e2aaaa390;  1 drivers
L_0000023e2aad0430 .functor BUFT 1, C4<000000000000000000000000000000000>, C4<0>, C4<0>, C4<0>;
v0000023e2aa955e0_0 .net/2s *"_ivl_44", 32 0, L_0000023e2aad0430;  1 drivers
v0000023e2aa94140_0 .net *"_ivl_46", 0 0, L_0000023e2aaa9e90;  1 drivers
v0000023e2aa957c0_0 .net/s *"_ivl_6", 16 0, L_0000023e2aa96d20;  1 drivers
v0000023e2aa946e0_0 .net/s *"_ivl_8", 16 0, L_0000023e2aa96e60;  1 drivers
v0000023e2aa95220_0 .net/s "dx", 16 0, L_0000023e2aa97220;  1 drivers
v0000023e2aa952c0_0 .net/s "dy", 16 0, L_0000023e2aa96fa0;  1 drivers
v0000023e2aa94dc0_0 .net/s "ex", 16 0, L_0000023e2aaaaf70;  1 drivers
v0000023e2aa94e60_0 .net/s "ey", 16 0, L_0000023e2aaa9cb0;  1 drivers
v0000023e2aa94f00_0 .net "inside_flag", 0 0, L_0000023e2aaaa570;  alias, 1 drivers
v0000023e2aa94fa0_0 .net "is_horizontal", 0 0, L_0000023e2aaaac50;  1 drivers
v0000023e2aa94780_0 .net/s "px", 15 0, v0000023e2aa94aa0_0;  alias, 1 drivers
v0000023e2aa93e20_0 .net/s "py", 15 0, v0000023e2aa95400_0;  alias, 1 drivers
v0000023e2aa94000_0 .net/s "result", 32 0, L_0000023e2aaaaa70;  alias, 1 drivers
L_0000023e2aad0478 .functor BUFT 1, C4<0000000000000101>, C4<0>, C4<0>, C4<0>;
v0000023e2aa939c0_0 .net/s "x0", 15 0, L_0000023e2aad0478;  1 drivers
L_0000023e2aad0508 .functor BUFT 1, C4<0000000000000010>, C4<0>, C4<0>, C4<0>;
v0000023e2aa95040_0 .net/s "x1", 15 0, L_0000023e2aad0508;  1 drivers
L_0000023e2aad04c0 .functor BUFT 1, C4<0000000000000111>, C4<0>, C4<0>, C4<0>;
v0000023e2aa95360_0 .net/s "y0", 15 0, L_0000023e2aad04c0;  1 drivers
L_0000023e2aad0550 .functor BUFT 1, C4<0000000000000010>, C4<0>, C4<0>, C4<0>;
v0000023e2aa95720_0 .net/s "y1", 15 0, L_0000023e2aad0550;  1 drivers
L_0000023e2aa96960 .extend/s 17, v0000023e2aa94aa0_0;
L_0000023e2aa96aa0 .extend/s 17, L_0000023e2aad0478;
L_0000023e2aa97220 .arith/sub 17, L_0000023e2aa96960, L_0000023e2aa96aa0;
L_0000023e2aa96d20 .extend/s 17, v0000023e2aa95400_0;
L_0000023e2aa96e60 .extend/s 17, L_0000023e2aad04c0;
L_0000023e2aa96fa0 .arith/sub 17, L_0000023e2aa96d20, L_0000023e2aa96e60;
L_0000023e2aa97040 .extend/s 17, L_0000023e2aad0508;
L_0000023e2aa972c0 .extend/s 17, L_0000023e2aad0478;
L_0000023e2aaaaf70 .arith/sub 17, L_0000023e2aa97040, L_0000023e2aa972c0;
L_0000023e2aaa9df0 .extend/s 17, L_0000023e2aad0550;
L_0000023e2aaa9990 .extend/s 17, L_0000023e2aad04c0;
L_0000023e2aaa9cb0 .arith/sub 17, L_0000023e2aaa9df0, L_0000023e2aaa9990;
L_0000023e2aaa9d50 .extend/s 33, L_0000023e2aa97220;
L_0000023e2aaaae30 .extend/s 33, L_0000023e2aaa9cb0;
L_0000023e2aaaa4d0 .arith/mult 33, L_0000023e2aaa9d50, L_0000023e2aaaae30;
L_0000023e2aaab010 .extend/s 33, L_0000023e2aa96fa0;
L_0000023e2aaaa750 .extend/s 33, L_0000023e2aaaaf70;
L_0000023e2aaa9a30 .arith/mult 33, L_0000023e2aaab010, L_0000023e2aaaa750;
L_0000023e2aaaaa70 .arith/sub 33, L_0000023e2aaaa4d0, L_0000023e2aaa9a30;
L_0000023e2aaaac50 .cmp/eq 16, L_0000023e2aad0550, L_0000023e2aad04c0;
L_0000023e2aaaa390 .cmp/gt.s 33, L_0000023e2aad03e8, L_0000023e2aaaaa70;
L_0000023e2aaa9e90 .cmp/ge.s 33, L_0000023e2aad0430, L_0000023e2aaaaa70;
L_0000023e2aaaa570 .functor MUXZ 1, L_0000023e2aaa9e90, L_0000023e2aaaa390, L_0000023e2aaaac50, C4<>;
    .scope S_0000023e2aa3ea60;
T_1 ;
    %pushi/vec4 0, 0, 32;
    %store/vec4 v0000023e2aa94820_0, 0, 32;
    %pushi/vec4 0, 0, 32;
    %store/vec4 v0000023e2aa94a00_0, 0, 32;
    %vpi_call 2 77 "$display", "=================================================" {0 0 0};
    %vpi_call 2 78 "$display", "  edge_function_tb \342\200\224 Triangle (2,2),(8,2),(5,7)  " {0 0 0};
    %vpi_call 2 79 "$display", "=================================================" {0 0 0};
    %pushi/vec4 5, 0, 16;
    %store/vec4 v0000023e2aa2e0d0_0, 0, 16;
    %pushi/vec4 4, 0, 16;
    %store/vec4 v0000023e2aa2e030_0, 0, 16;
    %pushi/vec4 1, 0, 1;
    %store/vec4 v0000023e2aa2e5d0_0, 0, 1;
    %pushi/vec4 1229869897, 0, 32; draw_string_vec4
    %pushi/vec4 1145380963, 0, 32; draw_string_vec4
    %concat/vec4; draw_string_vec4
    %pushi/vec4 1701737573, 0, 32; draw_string_vec4
    %concat/vec4; draw_string_vec4
    %pushi/vec4 1914708000, 0, 32; draw_string_vec4
    %concat/vec4; draw_string_vec4
    %store/vec4 v0000023e2aa2dbd0_0, 0, 128;
    %fork TD_edge_function_tb.check, S_0000023e2aa1fc10;
    %join;
    %pushi/vec4 5, 0, 16;
    %store/vec4 v0000023e2aa2e0d0_0, 0, 16;
    %pushi/vec4 1, 0, 16;
    %store/vec4 v0000023e2aa2e030_0, 0, 16;
    %pushi/vec4 0, 0, 1;
    %store/vec4 v0000023e2aa2e5d0_0, 0, 1;
    %pushi/vec4 1330992211, 0, 32; draw_string_vec4
    %pushi/vec4 1229210912, 0, 32; draw_string_vec4
    %concat/vec4; draw_string_vec4
    %pushi/vec4 1633841014, 0, 32; draw_string_vec4
    %concat/vec4; draw_string_vec4
    %pushi/vec4 1696604192, 0, 32; draw_string_vec4
    %concat/vec4; draw_string_vec4
    %store/vec4 v0000023e2aa2dbd0_0, 0, 128;
    %fork TD_edge_function_tb.check, S_0000023e2aa1fc10;
    %join;
    %pushi/vec4 0, 0, 16;
    %store/vec4 v0000023e2aa2e0d0_0, 0, 16;
    %pushi/vec4 4, 0, 16;
    %store/vec4 v0000023e2aa2e030_0, 0, 16;
    %pushi/vec4 0, 0, 1;
    %store/vec4 v0000023e2aa2e5d0_0, 0, 1;
    %pushi/vec4 1330992211, 0, 32; draw_string_vec4
    %pushi/vec4 1229210912, 0, 32; draw_string_vec4
    %concat/vec4; draw_string_vec4
    %pushi/vec4 1818584692, 0, 32; draw_string_vec4
    %concat/vec4; draw_string_vec4
    %pushi/vec4 538976288, 0, 32; draw_string_vec4
    %concat/vec4; draw_string_vec4
    %store/vec4 v0000023e2aa2dbd0_0, 0, 128;
    %fork TD_edge_function_tb.check, S_0000023e2aa1fc10;
    %join;
    %pushi/vec4 5, 0, 16;
    %store/vec4 v0000023e2aa2e0d0_0, 0, 16;
    %pushi/vec4 2, 0, 16;
    %store/vec4 v0000023e2aa2e030_0, 0, 16;
    %pushi/vec4 0, 0, 1;
    %store/vec4 v0000023e2aa2e5d0_0, 0, 1;
    %pushi/vec4 1330520180, 0, 32; draw_string_vec4
    %pushi/vec4 1869619301, 0, 32; draw_string_vec4
    %concat/vec4; draw_string_vec4
    %pushi/vec4 1684497696, 0, 32; draw_string_vec4
    %concat/vec4; draw_string_vec4
    %pushi/vec4 538976288, 0, 32; draw_string_vec4
    %concat/vec4; draw_string_vec4
    %store/vec4 v0000023e2aa2dbd0_0, 0, 128;
    %fork TD_edge_function_tb.check, S_0000023e2aa1fc10;
    %join;
    %pushi/vec4 3, 0, 16;
    %store/vec4 v0000023e2aa2e0d0_0, 0, 16;
    %pushi/vec4 4, 0, 16;
    %store/vec4 v0000023e2aa2e030_0, 0, 16;
    %pushi/vec4 0, 0, 1;
    %store/vec4 v0000023e2aa2e5d0_0, 0, 1;
    %pushi/vec4 1313161554, 0, 32; draw_string_vec4
    %pushi/vec4 543974758, 0, 32; draw_string_vec4
    %concat/vec4; draw_string_vec4
    %pushi/vec4 1948280164, 0, 32; draw_string_vec4
    %concat/vec4; draw_string_vec4
    %pushi/vec4 1734680608, 0, 32; draw_string_vec4
    %concat/vec4; draw_string_vec4
    %store/vec4 v0000023e2aa2dbd0_0, 0, 128;
    %fork TD_edge_function_tb.check, S_0000023e2aa1fc10;
    %join;
    %pushi/vec4 2, 0, 16;
    %store/vec4 v0000023e2aa2e0d0_0, 0, 16;
    %pushi/vec4 2, 0, 16;
    %store/vec4 v0000023e2aa2e030_0, 0, 16;
    %pushi/vec4 0, 0, 1;
    %store/vec4 v0000023e2aa2e5d0_0, 0, 1;
    %pushi/vec4 1096032374, 0, 32; draw_string_vec4
    %pushi/vec4 1701999717, 0, 32; draw_string_vec4
    %concat/vec4; draw_string_vec4
    %pushi/vec4 2015385136, 0, 32; draw_string_vec4
    %concat/vec4; draw_string_vec4
    %pushi/vec4 538976288, 0, 32; draw_string_vec4
    %concat/vec4; draw_string_vec4
    %store/vec4 v0000023e2aa2dbd0_0, 0, 128;
    %fork TD_edge_function_tb.check, S_0000023e2aa1fc10;
    %join;
    %pushi/vec4 8, 0, 16;
    %store/vec4 v0000023e2aa2e0d0_0, 0, 16;
    %pushi/vec4 2, 0, 16;
    %store/vec4 v0000023e2aa2e030_0, 0, 16;
    %pushi/vec4 0, 0, 1;
    %store/vec4 v0000023e2aa2e5d0_0, 0, 1;
    %pushi/vec4 1096032374, 0, 32; draw_string_vec4
    %pushi/vec4 1701999717, 0, 32; draw_string_vec4
    %concat/vec4; draw_string_vec4
    %pushi/vec4 2015385137, 0, 32; draw_string_vec4
    %concat/vec4; draw_string_vec4
    %pushi/vec4 538976288, 0, 32; draw_string_vec4
    %concat/vec4; draw_string_vec4
    %store/vec4 v0000023e2aa2dbd0_0, 0, 128;
    %fork TD_edge_function_tb.check, S_0000023e2aa1fc10;
    %join;
    %pushi/vec4 5, 0, 16;
    %store/vec4 v0000023e2aa2e0d0_0, 0, 16;
    %pushi/vec4 7, 0, 16;
    %store/vec4 v0000023e2aa2e030_0, 0, 16;
    %pushi/vec4 1, 0, 1;
    %store/vec4 v0000023e2aa2e5d0_0, 0, 1;
    %pushi/vec4 1096032374, 0, 32; draw_string_vec4
    %pushi/vec4 1701999717, 0, 32; draw_string_vec4
    %concat/vec4; draw_string_vec4
    %pushi/vec4 2015385138, 0, 32; draw_string_vec4
    %concat/vec4; draw_string_vec4
    %pushi/vec4 538976288, 0, 32; draw_string_vec4
    %concat/vec4; draw_string_vec4
    %store/vec4 v0000023e2aa2dbd0_0, 0, 128;
    %fork TD_edge_function_tb.check, S_0000023e2aa1fc10;
    %join;
    %pushi/vec4 5, 0, 16;
    %store/vec4 v0000023e2aa2e0d0_0, 0, 16;
    %pushi/vec4 6, 0, 16;
    %store/vec4 v0000023e2aa2e030_0, 0, 16;
    %pushi/vec4 1, 0, 1;
    %store/vec4 v0000023e2aa2e5d0_0, 0, 1;
    %pushi/vec4 1229869897, 0, 32; draw_string_vec4
    %pushi/vec4 1145380974, 0, 32; draw_string_vec4
    %concat/vec4; draw_string_vec4
    %pushi/vec4 1700885024, 0, 32; draw_string_vec4
    %concat/vec4; draw_string_vec4
    %pushi/vec4 1953067040, 0, 32; draw_string_vec4
    %concat/vec4; draw_string_vec4
    %store/vec4 v0000023e2aa2dbd0_0, 0, 128;
    %fork TD_edge_function_tb.check, S_0000023e2aa1fc10;
    %join;
    %pushi/vec4 65531, 0, 16;
    %store/vec4 v0000023e2aa2e0d0_0, 0, 16;
    %pushi/vec4 65531, 0, 16;
    %store/vec4 v0000023e2aa2e030_0, 0, 16;
    %pushi/vec4 0, 0, 1;
    %store/vec4 v0000023e2aa2e5d0_0, 0, 1;
    %pushi/vec4 1330992211, 0, 32; draw_string_vec4
    %pushi/vec4 1229210912, 0, 32; draw_string_vec4
    %concat/vec4; draw_string_vec4
    %pushi/vec4 1852139296, 0, 32; draw_string_vec4
    %concat/vec4; draw_string_vec4
    %pushi/vec4 538976288, 0, 32; draw_string_vec4
    %concat/vec4; draw_string_vec4
    %store/vec4 v0000023e2aa2dbd0_0, 0, 128;
    %fork TD_edge_function_tb.check, S_0000023e2aa1fc10;
    %join;
    %vpi_call 2 92 "$display", "=================================================" {0 0 0};
    %vpi_call 2 93 "$display", "  RESULTS: %0d PASSED,  %0d FAILED", v0000023e2aa94820_0, v0000023e2aa94a00_0 {0 0 0};
    %vpi_call 2 94 "$display", "=================================================" {0 0 0};
    %load/vec4 v0000023e2aa94a00_0;
    %cmpi/e 0, 0, 32;
    %jmp/0xz  T_1.0, 4;
    %vpi_call 2 97 "$display", "ALL TESTS PASSED" {0 0 0};
    %jmp T_1.1;
T_1.0 ;
    %vpi_call 2 99 "$display", "SOME TESTS FAILED \342\200\224 check edge function sign/winding" {0 0 0};
T_1.1 ;
    %vpi_call 2 101 "$finish" {0 0 0};
    %end;
    .thread T_1;
    .scope S_0000023e2aa3ea60;
T_2 ;
    %vpi_call 2 105 "$dumpfile", "edge_function_tb.vcd" {0 0 0};
    %vpi_call 2 106 "$dumpvars", 32'sb00000000000000000000000000000000, S_0000023e2aa3ea60 {0 0 0};
    %end;
    .thread T_2;
# The file index is used to find the file name in the following table.
:file_names 4;
    "N/A";
    "<interactive>";
    "edge_function_tb.v";
    "edge_function.v";
