#! /c/Source/iverilog-install/bin/vvp
:ivl_version "12.0 (devel)" "(s20150603-1539-g2693dd32b)";
:ivl_delay_selection "TYPICAL";
:vpi_time_precision - 12;
:vpi_module "C:\iverilog\lib\ivl\system.vpi";
:vpi_module "C:\iverilog\lib\ivl\vhdl_sys.vpi";
:vpi_module "C:\iverilog\lib\ivl\vhdl_textio.vpi";
:vpi_module "C:\iverilog\lib\ivl\v2005_math.vpi";
:vpi_module "C:\iverilog\lib\ivl\va_math.vpi";
:vpi_module "C:\iverilog\lib\ivl\v2009.vpi";
S_000001e045a972a0 .scope package, "$unit" "$unit" 2 1;
 .timescale 0 0;
S_000001e045a97430 .scope module, "tb_zbuffer" "tb_zbuffer" 3 3;
 .timescale -9 -12;
v000001e045a93700_0 .var "clk", 0 0;
v000001e045a937a0_0 .var "depth_in", 15 0;
v000001e045a93840_0 .net "depth_out", 15 0, v000001e045a97670_0;  1 drivers
v000001e045a943d0_0 .var "read_en", 0 0;
v000001e045a94290_0 .var "read_x", 5 0;
v000001e045a946f0_0 .var "read_y", 5 0;
v000001e045a941f0_0 .var "rst", 0 0;
v000001e045a94150_0 .var "write_en", 0 0;
v000001e045a94790_0 .var "write_x", 5 0;
v000001e045a945b0_0 .var "write_y", 5 0;
S_000001e045a62ce0 .scope module, "dut" "zbuffer" 3 16, 4 1 0, S_000001e045a97430;
 .timescale 0 0;
    .port_info 0 /INPUT 1 "clk";
    .port_info 1 /INPUT 1 "rst";
    .port_info 2 /INPUT 1 "read_en";
    .port_info 3 /INPUT 1 "write_en";
    .port_info 4 /INPUT 6 "read_x";
    .port_info 5 /INPUT 6 "read_y";
    .port_info 6 /INPUT 6 "write_x";
    .port_info 7 /INPUT 6 "write_y";
    .port_info 8 /INPUT 16 "depth_in";
    .port_info 9 /OUTPUT 16 "depth_out";
v000001e045a890f0_0 .net "clk", 0 0, v000001e045a93700_0;  1 drivers
v000001e045a63340_0 .net "depth_in", 15 0, v000001e045a937a0_0;  1 drivers
v000001e045a97670_0 .var "depth_out", 15 0;
v000001e045babcf0_0 .var/i "i", 31 0;
v000001e045a62e70_0 .var/i "j", 31 0;
v000001e045a62f10_0 .net "read_en", 0 0, v000001e045a943d0_0;  1 drivers
v000001e045a62fb0_0 .net "read_x", 5 0, v000001e045a94290_0;  1 drivers
v000001e045a63050_0 .net "read_y", 5 0, v000001e045a946f0_0;  1 drivers
v000001e045a933e0_0 .net "rst", 0 0, v000001e045a941f0_0;  1 drivers
v000001e045a93480_0 .net "write_en", 0 0, v000001e045a94150_0;  1 drivers
v000001e045a93520_0 .net "write_x", 5 0, v000001e045a94790_0;  1 drivers
v000001e045a935c0_0 .net "write_y", 5 0, v000001e045a945b0_0;  1 drivers
v000001e045a93660 .array "zbuf", 4095 0, 15 0;
E_000001e045a86b40 .event posedge, v000001e045a890f0_0;
    .scope S_000001e045a62ce0;
T_0 ;
    %wait E_000001e045a86b40;
    %load/vec4 v000001e045a933e0_0;
    %flag_set/vec4 8;
    %jmp/0xz  T_0.0, 8;
    %pushi/vec4 0, 0, 32;
    %store/vec4 v000001e045babcf0_0, 0, 32;
T_0.2 ;
    %load/vec4 v000001e045babcf0_0;
    %cmpi/s 64, 0, 32;
    %jmp/0xz T_0.3, 5;
    %pushi/vec4 0, 0, 32;
    %store/vec4 v000001e045a62e70_0, 0, 32;
T_0.4 ;
    %load/vec4 v000001e045a62e70_0;
    %cmpi/s 64, 0, 32;
    %jmp/0xz T_0.5, 5;
    %pushi/vec4 65535, 0, 16;
    %load/vec4 v000001e045babcf0_0;
    %pad/s 39;
    %pad/s 45;
    %muli 64, 0, 45;
    %pad/s 46;
    %load/vec4 v000001e045a62e70_0;
    %pad/s 46;
    %add;
    %ix/vec4/s 3;
    %ix/load 4, 0, 0; Constant delay
    %assign/vec4/a/d v000001e045a93660, 0, 4;
    %load/vec4 v000001e045a62e70_0;
    %addi 1, 0, 32;
    %store/vec4 v000001e045a62e70_0, 0, 32;
    %jmp T_0.4;
T_0.5 ;
    %load/vec4 v000001e045babcf0_0;
    %addi 1, 0, 32;
    %store/vec4 v000001e045babcf0_0, 0, 32;
    %jmp T_0.2;
T_0.3 ;
    %jmp T_0.1;
T_0.0 ;
    %load/vec4 v000001e045a93480_0;
    %flag_set/vec4 8;
    %jmp/0xz  T_0.6, 8;
    %load/vec4 v000001e045a63340_0;
    %load/vec4 v000001e045a935c0_0;
    %pad/u 15;
    %pad/u 21;
    %muli 64, 0, 21;
    %pad/u 22;
    %load/vec4 v000001e045a93520_0;
    %pad/u 8;
    %pad/u 22;
    %add;
    %ix/vec4 3;
    %ix/load 4, 0, 0; Constant delay
    %assign/vec4/a/d v000001e045a93660, 0, 4;
T_0.6 ;
    %load/vec4 v000001e045a62f10_0;
    %flag_set/vec4 8;
    %jmp/0xz  T_0.8, 8;
    %load/vec4 v000001e045a63050_0;
    %pad/u 15;
    %pad/u 21;
    %muli 64, 0, 21;
    %pad/u 22;
    %load/vec4 v000001e045a62fb0_0;
    %pad/u 8;
    %pad/u 22;
    %add;
    %ix/vec4 4;
    %load/vec4a v000001e045a93660, 4;
    %assign/vec4 v000001e045a97670_0, 0;
T_0.8 ;
T_0.1 ;
    %jmp T_0;
    .thread T_0;
    .scope S_000001e045a97430;
T_1 ;
    %delay 5000, 0;
    %load/vec4 v000001e045a93700_0;
    %inv;
    %store/vec4 v000001e045a93700_0, 0, 1;
    %jmp T_1;
    .thread T_1;
    .scope S_000001e045a97430;
T_2 ;
    %pushi/vec4 0, 0, 1;
    %store/vec4 v000001e045a93700_0, 0, 1;
    %pushi/vec4 1, 0, 1;
    %store/vec4 v000001e045a941f0_0, 0, 1;
    %pushi/vec4 0, 0, 1;
    %store/vec4 v000001e045a943d0_0, 0, 1;
    %pushi/vec4 0, 0, 1;
    %store/vec4 v000001e045a94150_0, 0, 1;
    %pushi/vec4 2, 0, 32;
T_2.0 %dup/vec4;
    %pushi/vec4 0, 0, 32;
    %cmp/s;
    %jmp/1xz T_2.1, 5;
    %jmp/1 T_2.1, 4;
    %pushi/vec4 1, 0, 32;
    %sub;
    %wait E_000001e045a86b40;
    %jmp T_2.0;
T_2.1 ;
    %pop/vec4 1;
    %pushi/vec4 0, 0, 1;
    %store/vec4 v000001e045a941f0_0, 0, 1;
    %wait E_000001e045a86b40;
    %pushi/vec4 1, 0, 1;
    %store/vec4 v000001e045a94150_0, 0, 1;
    %pushi/vec4 10, 0, 6;
    %store/vec4 v000001e045a94790_0, 0, 6;
    %pushi/vec4 20, 0, 6;
    %store/vec4 v000001e045a945b0_0, 0, 6;
    %pushi/vec4 4660, 0, 16;
    %store/vec4 v000001e045a937a0_0, 0, 16;
    %wait E_000001e045a86b40;
    %pushi/vec4 0, 0, 1;
    %store/vec4 v000001e045a94150_0, 0, 1;
    %wait E_000001e045a86b40;
    %pushi/vec4 1, 0, 1;
    %store/vec4 v000001e045a943d0_0, 0, 1;
    %pushi/vec4 10, 0, 6;
    %store/vec4 v000001e045a94290_0, 0, 6;
    %pushi/vec4 20, 0, 6;
    %store/vec4 v000001e045a946f0_0, 0, 6;
    %wait E_000001e045a86b40;
    %pushi/vec4 0, 0, 1;
    %store/vec4 v000001e045a943d0_0, 0, 1;
    %wait E_000001e045a86b40;
    %load/vec4 v000001e045a93840_0;
    %cmpi/e 4660, 0, 16;
    %jmp/0xz  T_2.2, 4;
    %vpi_call/w 3 59 "$display", "PASS" {0 0 0};
    %jmp T_2.3;
T_2.2 ;
    %vpi_call/w 3 61 "$display", "FAIL depth=%h", v000001e045a93840_0 {0 0 0};
T_2.3 ;
    %vpi_call/w 3 63 "$finish" {0 0 0};
    %end;
    .thread T_2;
# The file index is used to find the file name in the following table.
:file_names 5;
    "N/A";
    "<interactive>";
    "-";
    "tb_zbuffer.v";
    "zbuffer.v";
